-------------------------------------------------------------------------------
Test set: okhttp3.EventListenerTest
-------------------------------------------------------------------------------
Tests run: 44, Failures: 0, Errors: 17, Skipped: 2, Time elapsed: 162.708 s <<< FAILURE! - in okhttp3.EventListenerTest
failedSecureConnect(okhttp3.EventListenerTest)  Time elapsed: 0.052 s  <<< ERROR!
java.lang.NoSuchFieldError: state
	at okhttp3.EventListenerTest.failedSecureConnect(EventListenerTest.java:700)

successfulChunkedH2CallEventSequence(okhttp3.EventListenerTest)  Time elapsed: 10.014 s  <<< ERROR!
java.net.SocketTimeoutException: Read timed out
	at okhttp3.EventListenerTest.assertSuccessfulEventOrder(EventListenerTest.java:227)
	at okhttp3.EventListenerTest.successfulChunkedH2CallEventSequence(EventListenerTest.java:380)

secondCallEventSequence(okhttp3.EventListenerTest)  Time elapsed: 10.02 s  <<< ERROR!
java.net.SocketTimeoutException: Read timed out
	at okhttp3.EventListenerTest.secondCallEventSequence(EventListenerTest.java:250)

responseBodyFailHttp2OverHttps(okhttp3.EventListenerTest)  Time elapsed: 10.02 s  <<< ERROR!
java.net.SocketTimeoutException: Read timed out
	at okhttp3.EventListenerTest.responseBodyFail(EventListenerTest.java:897)
	at okhttp3.EventListenerTest.responseBodyFailHttp2OverHttps(EventListenerTest.java:880)

failedConnect(okhttp3.EventListenerTest)  Time elapsed: 0.011 s  <<< ERROR!
java.lang.NoSuchFieldError: state
	at okhttp3.EventListenerTest.failedConnect(EventListenerTest.java:538)

responseBodyFailHttp1OverHttps(okhttp3.EventListenerTest)  Time elapsed: 10.016 s  <<< ERROR!
java.net.SocketTimeoutException: Read timed out
	at okhttp3.EventListenerTest.responseBodyFail(EventListenerTest.java:897)
	at okhttp3.EventListenerTest.responseBodyFailHttp1OverHttps(EventListenerTest.java:874)

successfulEmptyH2CallEventSequence(okhttp3.EventListenerTest)  Time elapsed: 10.01 s  <<< ERROR!
java.net.SocketTimeoutException: Read timed out
	at okhttp3.EventListenerTest.assertSuccessfulEventOrder(EventListenerTest.java:227)
	at okhttp3.EventListenerTest.successfulEmptyH2CallEventSequence(EventListenerTest.java:344)

requestBodySuccessHttp2OverHttps(okhttp3.EventListenerTest)  Time elapsed: 10.02 s  <<< ERROR!
java.net.SocketTimeoutException: Read timed out
	at okhttp3.EventListenerTest.requestBodySuccess(EventListenerTest.java:1073)
	at okhttp3.EventListenerTest.requestBodySuccessHttp2OverHttps(EventListenerTest.java:1015)

multipleConnectsForSingleCall(okhttp3.EventListenerTest)  Time elapsed: 0.006 s  <<< ERROR!
java.lang.NoSuchFieldError: state
	at okhttp3.EventListenerTest.multipleConnectsForSingleCall(EventListenerTest.java:571)

requestBodySuccessHttp1OverHttps(okhttp3.EventListenerTest)  Time elapsed: 10.005 s  <<< ERROR!
java.net.SocketTimeoutException: Read timed out
	at okhttp3.EventListenerTest.requestBodySuccess(EventListenerTest.java:1073)
	at okhttp3.EventListenerTest.requestBodySuccessHttp1OverHttps(EventListenerTest.java:1008)

multipleSecureConnectsForSingleCall(okhttp3.EventListenerTest)  Time elapsed: 0.007 s  <<< ERROR!
java.lang.NoSuchFieldError: state
	at okhttp3.EventListenerTest.multipleSecureConnectsForSingleCall(EventListenerTest.java:751)

successfulChunkedHttpsCallEventSequence(okhttp3.EventListenerTest)  Time elapsed: 10.008 s  <<< ERROR!
java.net.SocketTimeoutException: Read timed out
	at okhttp3.EventListenerTest.assertSuccessfulEventOrder(EventListenerTest.java:227)
	at okhttp3.EventListenerTest.successfulChunkedHttpsCallEventSequence(EventListenerTest.java:368)

successfulEmptyHttpsCallEventSequence(okhttp3.EventListenerTest)  Time elapsed: 10.008 s  <<< ERROR!
java.net.SocketTimeoutException: Read timed out
	at okhttp3.EventListenerTest.assertSuccessfulEventOrder(EventListenerTest.java:227)
	at okhttp3.EventListenerTest.successfulEmptyHttpsCallEventSequence(EventListenerTest.java:356)

noSecureConnectsOnPooledConnection(okhttp3.EventListenerTest)  Time elapsed: 20.015 s  <<< ERROR!
java.net.SocketTimeoutException: Read timed out
	at okhttp3.EventListenerTest.noSecureConnectsOnPooledConnection(EventListenerTest.java:775)

secureConnectWithTunnel(okhttp3.EventListenerTest)  Time elapsed: 10.009 s  <<< ERROR!
java.net.SocketTimeoutException: Read timed out
	at okhttp3.EventListenerTest.secureConnectWithTunnel(EventListenerTest.java:726)

successfulSecureConnect(okhttp3.EventListenerTest)  Time elapsed: 10.008 s  <<< ERROR!
java.net.SocketTimeoutException: Read timed out
	at okhttp3.EventListenerTest.successfulSecureConnect(EventListenerTest.java:679)

authenticatingTunnelProxyConnect(okhttp3.EventListenerTest)  Time elapsed: 10.016 s  <<< ERROR!
java.net.SocketTimeoutException: Read timed out
	at okhttp3.EventListenerTest.authenticatingTunnelProxyConnect(EventListenerTest.java:659)

