<?xml version="1.0" encoding="UTF-8"?>
<testsuite xmlns:xsi="http://www.w3.org/2001/XMLSchema-instance" xsi:noNamespaceSchemaLocation="https://maven.apache.org/surefire/maven-surefire-plugin/xsd/surefire-test-report.xsd" name="okhttp3.internal.http2.FrameLogTest" time="0.003" tests="5" errors="0" skipped="0" failures="0">
  <properties>
[...]
</properties>
  <testcase name="flagOverlapOn0x20" classname="okhttp3.internal.http2.FrameLogTest" time="0.001"/>
  <testcase name="exampleStream" classname="okhttp3.internal.http2.FrameLogTest" time="0"/>
  <testcase name="flagOverlapOn0x1" classname="okhttp3.internal.http2.FrameLogTest" time="0.001"/>
  <testcase name="flagOverlapOn0x4" classname="okhttp3.internal.http2.FrameLogTest" time="0"/>
  <testcase name="allFormattedFlagsWithValidBits" classname="okhttp3.internal.http2.FrameLogTest" time="0"/>
</testsuite>