<?xml version="1.0" encoding="UTF-8"?>
<testsuite xmlns:xsi="http://www.w3.org/2001/XMLSchema-instance" xsi:noNamespaceSchemaLocation="https://maven.apache.org/surefire/maven-surefire-plugin/xsd/surefire-test-report.xsd" name="okhttp3.URLConnectionTest" time="353.559" tests="234" errors="36" skipped="7" failures="1">
  <properties>
[...]
</properties>
  <testcase name="userAgentDefaultsToOkHttpVersion" classname="okhttp3.URLConnectionTest" time="0.014"/>
  <testcase name="connectViaHttpProxyToHttpsUsingProxyArg" classname="okhttp3.URLConnectionTest" time="10.019">
    <error message="Read timed out" type="java.net.SocketTimeoutException">java.net.SocketTimeoutException: Read timed out
</error>
    <system-err><![CDATA[Feb 08, 2019 12:35:34 PM okhttp3.mockwebserver.MockWebServer$2 execute
INFO: MockWebServer[40843] starting to accept connections
Feb 08, 2019 12:35:34 PM okhttp3.mockwebserver.MockWebServer$2 execute
INFO: MockWebServer[52727] starting to accept connections
Feb 08, 2019 12:35:34 PM okhttp3.mockwebserver.MockWebServer$3 processOneRequest
INFO: MockWebServer[52727] received request: CONNECT android.com:443 HTTP/1.1 and responded: HTTP/1.1 200 OK
Uncaught exception in OkHttp thread "MockWebServer"
java.lang.NoSuchFieldError: state
	at sun.security.ssl.ServerHandshaker.processMessage(ServerHandshaker.java:203)
	at sun.security.ssl.Handshaker.processLoop(Handshaker.java:1037)
	at sun.security.ssl.Handshaker.process_record(Handshaker.java:965)
	at sun.security.ssl.SSLSocketImpl.readRecord(SSLSocketImpl.java:1064)
	at sun.security.ssl.SSLSocketImpl.performInitialHandshake(SSLSocketImpl.java:1367)
	at sun.security.ssl.SSLSocketImpl.startHandshake(SSLSocketImpl.java:1395)
	at sun.security.ssl.SSLSocketImpl.startHandshake(SSLSocketImpl.java:1379)
	at okhttp3.mockwebserver.MockWebServer$3.processConnection(MockWebServer.java:441)
	at okhttp3.mockwebserver.MockWebServer$3.execute(MockWebServer.java:408)
	at okhttp3.internal.NamedRunnable.run(NamedRunnable.java:32)
	at java.util.concurrent.ThreadPoolExecutor.runWorker(ThreadPoolExecutor.java:1149)
	at java.util.concurrent.ThreadPoolExecutor$Worker.run(ThreadPoolExecutor.java:624)
	at java.lang.Thread.run(Thread.java:748)

Last test to start was: connectViaHttpProxyToHttpsUsingProxyArg(okhttp3.URLConnectionTest)
Feb 08, 2019 12:35:44 PM okhttp3.mockwebserver.MockWebServer$2 acceptConnections
INFO: MockWebServer[52727] done accepting connections: Socket closed
Feb 08, 2019 12:35:44 PM okhttp3.mockwebserver.MockWebServer$2 acceptConnections
INFO: MockWebServer[40843] done accepting connections: Socket closed
]]></system-err>
  </testcase>
  <testcase name="emptyRequestHeaderNameIsStrict" classname="okhttp3.URLConnectionTest" time="0.004"/>
  <testcase name="malformedUrlThrowsUnknownHostException" classname="okhttp3.URLConnectionTest" time="0.007"/>
  <testcase name="postFailsWithBufferedRequestForLargeRequest" classname="okhttp3.URLConnectionTest" time="0.521"/>
  <testcase name="response308WithGet" classname="okhttp3.URLConnectionTest" time="0.061"/>
  <testcase name="proxyAuthenticateOnConnect" classname="okhttp3.URLConnectionTest" time="10.02">
    <error message="Read timed out" type="java.net.SocketTimeoutException">java.net.SocketTimeoutException: Read timed out
</error>
    <system-err><![CDATA[Feb 08, 2019 12:35:45 PM okhttp3.mockwebserver.MockWebServer$2 execute
INFO: MockWebServer[38563] starting to accept connections
Feb 08, 2019 12:35:45 PM okhttp3.mockwebserver.MockWebServer$2 execute
INFO: MockWebServer[53081] starting to accept connections
Feb 08, 2019 12:35:45 PM okhttp3.mockwebserver.MockWebServer$3 processOneRequest
INFO: MockWebServer[53081] received request: CONNECT android.com:443 HTTP/1.1 and responded: HTTP/1.1 407 Client Error
Feb 08, 2019 12:35:45 PM okhttp3.mockwebserver.MockWebServer$3 processOneRequest
INFO: MockWebServer[53081] received request: CONNECT android.com:443 HTTP/1.1 and responded: HTTP/1.1 200 OK
Uncaught exception in OkHttp thread "MockWebServer"
java.lang.NoSuchFieldError: state
	at sun.security.ssl.ServerHandshaker.processMessage(ServerHandshaker.java:203)
	at sun.security.ssl.Handshaker.processLoop(Handshaker.java:1037)
	at sun.security.ssl.Handshaker.process_record(Handshaker.java:965)
	at sun.security.ssl.SSLSocketImpl.readRecord(SSLSocketImpl.java:1064)
	at sun.security.ssl.SSLSocketImpl.performInitialHandshake(SSLSocketImpl.java:1367)
	at sun.security.ssl.SSLSocketImpl.startHandshake(SSLSocketImpl.java:1395)
	at sun.security.ssl.SSLSocketImpl.startHandshake(SSLSocketImpl.java:1379)
	at okhttp3.mockwebserver.MockWebServer$3.processConnection(MockWebServer.java:441)
	at okhttp3.mockwebserver.MockWebServer$3.execute(MockWebServer.java:408)
	at okhttp3.internal.NamedRunnable.run(NamedRunnable.java:32)
	at java.util.concurrent.ThreadPoolExecutor.runWorker(ThreadPoolExecutor.java:1149)
	at java.util.concurrent.ThreadPoolExecutor$Worker.run(ThreadPoolExecutor.java:624)
	at java.lang.Thread.run(Thread.java:748)

Last test to start was: proxyAuthenticateOnConnect(okhttp3.URLConnectionTest)
Feb 08, 2019 12:35:55 PM okhttp3.mockwebserver.MockWebServer$2 acceptConnections
INFO: MockWebServer[53081] done accepting connections: Socket closed
Feb 08, 2019 12:35:55 PM okhttp3.mockwebserver.MockWebServer$2 acceptConnections
INFO: MockWebServer[38563] done accepting connections: Socket closed
]]></system-err>
  </testcase>
  <testcase name="inputStreamAvailableWithChunkedEncoding" classname="okhttp3.URLConnectionTest" time="0.007"/>
  <testcase name="gzipAndConnectionReuseWithChunkedEncoding" classname="okhttp3.URLConnectionTest" time="0.053"/>
  <testcase name="connectViaProxyUsingHttpProxySystemProperty" classname="okhttp3.URLConnectionTest" time="0.01"/>
  <testcase name="http10SelectedProtocol" classname="okhttp3.URLConnectionTest" time="0.006"/>
  <testcase name="getResponseCodeNoResponseBody" classname="okhttp3.URLConnectionTest" time="0.004"/>
  <testcase name="shoutcast" classname="okhttp3.URLConnectionTest" time="0.004"/>
  <testcase name="redirectToAnotherOriginServerWithHttps" classname="okhttp3.URLConnectionTest" time="10.007">
    <error message="Read timed out" type="java.net.SocketTimeoutException">java.net.SocketTimeoutException: Read timed out
</error>
    <system-err><![CDATA[Feb 08, 2019 12:35:55 PM okhttp3.mockwebserver.MockWebServer$2 execute
INFO: MockWebServer[43679] starting to accept connections
Feb 08, 2019 12:35:55 PM okhttp3.mockwebserver.MockWebServer$2 execute
INFO: MockWebServer[60525] starting to accept connections
Uncaught exception in OkHttp thread "MockWebServer"
java.lang.NoSuchFieldError: state
	at sun.security.ssl.ServerHandshaker.processMessage(ServerHandshaker.java:203)
	at sun.security.ssl.Handshaker.processLoop(Handshaker.java:1037)
	at sun.security.ssl.Handshaker.process_record(Handshaker.java:965)
	at sun.security.ssl.SSLSocketImpl.readRecord(SSLSocketImpl.java:1064)
	at sun.security.ssl.SSLSocketImpl.performInitialHandshake(SSLSocketImpl.java:1367)
	at sun.security.ssl.SSLSocketImpl.startHandshake(SSLSocketImpl.java:1395)
	at sun.security.ssl.SSLSocketImpl.startHandshake(SSLSocketImpl.java:1379)
	at okhttp3.mockwebserver.MockWebServer$3.processConnection(MockWebServer.java:441)
	at okhttp3.mockwebserver.MockWebServer$3.execute(MockWebServer.java:408)
	at okhttp3.internal.NamedRunnable.run(NamedRunnable.java:32)
	at java.util.concurrent.ThreadPoolExecutor.runWorker(ThreadPoolExecutor.java:1149)
	at java.util.concurrent.ThreadPoolExecutor$Worker.run(ThreadPoolExecutor.java:624)
	at java.lang.Thread.run(Thread.java:748)

Last test to start was: redirectToAnotherOriginServerWithHttps(okhttp3.URLConnectionTest)
Feb 08, 2019 12:36:05 PM okhttp3.mockwebserver.MockWebServer$2 acceptConnections
INFO: MockWebServer[60525] done accepting connections: Socket closed
Feb 08, 2019 12:36:05 PM okhttp3.mockwebserver.MockWebServer$2 acceptConnections
INFO: MockWebServer[43679] done accepting connections: Socket closed
]]></system-err>
  </testcase>
  <testcase name="setValidRequestMethod" classname="okhttp3.URLConnectionTest" time="0.04"/>
  <testcase name="cookiesAndTrailers" classname="okhttp3.URLConnectionTest" time="0">
    <skipped/>
  </testcase>
  <testcase name="redirectedFromHttpToHttpsFollowingProtocolRedirects" classname="okhttp3.URLConnectionTest" time="10.027">
    <error message="Read timed out" type="java.net.SocketTimeoutException">java.net.SocketTimeoutException: Read timed out
</error>
    <system-err><![CDATA[Feb 08, 2019 12:36:05 PM okhttp3.mockwebserver.MockWebServer$2 execute
INFO: MockWebServer[47517] starting to accept connections
Feb 08, 2019 12:36:05 PM okhttp3.mockwebserver.MockWebServer$2 execute
INFO: MockWebServer[49517] starting to accept connections
Feb 08, 2019 12:36:05 PM okhttp3.mockwebserver.MockWebServer$3 processOneRequest
INFO: MockWebServer[49517] received request: GET / HTTP/1.1 and responded: HTTP/1.1 302 Redirection
Uncaught exception in OkHttp thread "MockWebServer"
java.lang.NoSuchFieldError: state
	at sun.security.ssl.ServerHandshaker.processMessage(ServerHandshaker.java:203)
	at sun.security.ssl.Handshaker.processLoop(Handshaker.java:1037)
	at sun.security.ssl.Handshaker.process_record(Handshaker.java:965)
	at sun.security.ssl.SSLSocketImpl.readRecord(SSLSocketImpl.java:1064)
	at sun.security.ssl.SSLSocketImpl.performInitialHandshake(SSLSocketImpl.java:1367)
	at sun.security.ssl.SSLSocketImpl.startHandshake(SSLSocketImpl.java:1395)
	at sun.security.ssl.SSLSocketImpl.startHandshake(SSLSocketImpl.java:1379)
	at okhttp3.mockwebserver.MockWebServer$3.processConnection(MockWebServer.java:441)
	at okhttp3.mockwebserver.MockWebServer$3.execute(MockWebServer.java:408)
	at okhttp3.internal.NamedRunnable.run(NamedRunnable.java:32)
	at java.util.concurrent.ThreadPoolExecutor.runWorker(ThreadPoolExecutor.java:1149)
	at java.util.concurrent.ThreadPoolExecutor$Worker.run(ThreadPoolExecutor.java:624)
	at java.lang.Thread.run(Thread.java:748)

Last test to start was: redirectedFromHttpToHttpsFollowingProtocolRedirects(okhttp3.URLConnectionTest)
Feb 08, 2019 12:36:15 PM okhttp3.mockwebserver.MockWebServer$2 acceptConnections
INFO: MockWebServer[49517] done accepting connections: Socket closed
Feb 08, 2019 12:36:15 PM okhttp3.mockwebserver.MockWebServer$2 acceptConnections
INFO: MockWebServer[47517] done accepting connections: Socket closed
]]></system-err>
  </testcase>
  <testcase name="endOfStreamResponseIsNotPooled" classname="okhttp3.URLConnectionTest" time="0.02"/>
  <testcase name="httpsWithCustomTrustManager" classname="okhttp3.URLConnectionTest" time="10.013">
    <error message="Read timed out" type="java.net.SocketTimeoutException">java.net.SocketTimeoutException: Read timed out
</error>
    <system-err><![CDATA[Feb 08, 2019 12:36:15 PM okhttp3.mockwebserver.MockWebServer$2 execute
INFO: MockWebServer[40333] starting to accept connections
Feb 08, 2019 12:36:15 PM okhttp3.mockwebserver.MockWebServer$2 execute
INFO: MockWebServer[51863] starting to accept connections
Uncaught exception in OkHttp thread "MockWebServer"
java.lang.NoSuchFieldError: state
	at sun.security.ssl.ServerHandshaker.processMessage(ServerHandshaker.java:203)
	at sun.security.ssl.Handshaker.processLoop(Handshaker.java:1037)
	at sun.security.ssl.Handshaker.process_record(Handshaker.java:965)
	at sun.security.ssl.SSLSocketImpl.readRecord(SSLSocketImpl.java:1064)
	at sun.security.ssl.SSLSocketImpl.performInitialHandshake(SSLSocketImpl.java:1367)
	at sun.security.ssl.SSLSocketImpl.startHandshake(SSLSocketImpl.java:1395)
	at sun.security.ssl.SSLSocketImpl.startHandshake(SSLSocketImpl.java:1379)
	at okhttp3.mockwebserver.MockWebServer$3.processConnection(MockWebServer.java:441)
	at okhttp3.mockwebserver.MockWebServer$3.execute(MockWebServer.java:408)
	at okhttp3.internal.NamedRunnable.run(NamedRunnable.java:32)
	at java.util.concurrent.ThreadPoolExecutor.runWorker(ThreadPoolExecutor.java:1149)
	at java.util.concurrent.ThreadPoolExecutor$Worker.run(ThreadPoolExecutor.java:624)
	at java.lang.Thread.run(Thread.java:748)

Last test to start was: httpsWithCustomTrustManager(okhttp3.URLConnectionTest)
Feb 08, 2019 12:36:25 PM okhttp3.mockwebserver.MockWebServer$2 acceptConnections
INFO: MockWebServer[51863] done accepting connections: Socket closed
Feb 08, 2019 12:36:25 PM okhttp3.mockwebserver.MockWebServer$2 acceptConnections
INFO: MockWebServer[40333] done accepting connections: Socket closed
]]></system-err>
  </testcase>
  <testcase name="connectViaHttpProxyToHttpsUsingHttpProxySystemProperty" classname="okhttp3.URLConnectionTest" time="10.02">
    <error message="Read timed out" type="java.net.SocketTimeoutException">java.net.SocketTimeoutException: Read timed out
</error>
    <system-err><![CDATA[Feb 08, 2019 12:36:25 PM okhttp3.mockwebserver.MockWebServer$2 execute
INFO: MockWebServer[54655] starting to accept connections
Feb 08, 2019 12:36:25 PM okhttp3.mockwebserver.MockWebServer$2 execute
INFO: MockWebServer[34819] starting to accept connections
Uncaught exception in OkHttp thread "MockWebServer"
java.lang.NoSuchFieldError: state
	at sun.security.ssl.ServerHandshaker.processMessage(ServerHandshaker.java:203)
	at sun.security.ssl.Handshaker.processLoop(Handshaker.java:1037)
	at sun.security.ssl.Handshaker.process_record(Handshaker.java:965)
	at sun.security.ssl.SSLSocketImpl.readRecord(SSLSocketImpl.java:1064)
	at sun.security.ssl.SSLSocketImpl.performInitialHandshake(SSLSocketImpl.java:1367)
	at sun.security.ssl.SSLSocketImpl.startHandshake(SSLSocketImpl.java:1395)
	at sun.security.ssl.SSLSocketImpl.startHandshake(SSLSocketImpl.java:1379)
	at okhttp3.mockwebserver.MockWebServer$3.processConnection(MockWebServer.java:441)
	at okhttp3.mockwebserver.MockWebServer$3.execute(MockWebServer.java:408)
	at okhttp3.internal.NamedRunnable.run(NamedRunnable.java:32)
	at java.util.concurrent.ThreadPoolExecutor.runWorker(ThreadPoolExecutor.java:1149)
	at java.util.concurrent.ThreadPoolExecutor$Worker.run(ThreadPoolExecutor.java:624)
	at java.lang.Thread.run(Thread.java:748)

Last test to start was: connectViaHttpProxyToHttpsUsingHttpProxySystemProperty(okhttp3.URLConnectionTest)
Feb 08, 2019 12:36:35 PM okhttp3.mockwebserver.MockWebServer$2 acceptConnections
INFO: MockWebServer[34819] done accepting connections: Socket closed
Feb 08, 2019 12:36:35 PM okhttp3.mockwebserver.MockWebServer$2 acceptConnections
INFO: MockWebServer[54655] done accepting connections: Socket closed
]]></system-err>
  </testcase>
  <testcase name="chunkedUpload_largeBuffers" classname="okhttp3.URLConnectionTest" time="0.018"/>
  <testcase name="getKeepAlive" classname="okhttp3.URLConnectionTest" time="0.011"/>
  <testcase name="urlWithSpaceInHostViaHttpProxy" classname="okhttp3.URLConnectionTest" time="0.004"/>
  <testcase name="redirectedFromHttpsToHttpFollowingProtocolRedirects" classname="okhttp3.URLConnectionTest" time="10.013">
    <error message="Read timed out" type="java.net.SocketTimeoutException">java.net.SocketTimeoutException: Read timed out
</error>
    <system-err><![CDATA[Feb 08, 2019 12:36:35 PM okhttp3.mockwebserver.MockWebServer$2 execute
INFO: MockWebServer[42707] starting to accept connections
Feb 08, 2019 12:36:35 PM okhttp3.mockwebserver.MockWebServer$2 execute
INFO: MockWebServer[58493] starting to accept connections
Uncaught exception in OkHttp thread "MockWebServer"
java.lang.NoSuchFieldError: state
	at sun.security.ssl.ServerHandshaker.processMessage(ServerHandshaker.java:203)
	at sun.security.ssl.Handshaker.processLoop(Handshaker.java:1037)
	at sun.security.ssl.Handshaker.process_record(Handshaker.java:965)
	at sun.security.ssl.SSLSocketImpl.readRecord(SSLSocketImpl.java:1064)
	at sun.security.ssl.SSLSocketImpl.performInitialHandshake(SSLSocketImpl.java:1367)
	at sun.security.ssl.SSLSocketImpl.startHandshake(SSLSocketImpl.java:1395)
	at sun.security.ssl.SSLSocketImpl.startHandshake(SSLSocketImpl.java:1379)
	at okhttp3.mockwebserver.MockWebServer$3.processConnection(MockWebServer.java:441)
	at okhttp3.mockwebserver.MockWebServer$3.execute(MockWebServer.java:408)
	at okhttp3.internal.NamedRunnable.run(NamedRunnable.java:32)
	at java.util.concurrent.ThreadPoolExecutor.runWorker(ThreadPoolExecutor.java:1149)
	at java.util.concurrent.ThreadPoolExecutor$Worker.run(ThreadPoolExecutor.java:624)
	at java.lang.Thread.run(Thread.java:748)

Last test to start was: redirectedFromHttpsToHttpFollowingProtocolRedirects(okhttp3.URLConnectionTest)
Feb 08, 2019 12:36:45 PM okhttp3.mockwebserver.MockWebServer$2 acceptConnections
INFO: MockWebServer[58493] done accepting connections: Socket closed
Feb 08, 2019 12:36:45 PM okhttp3.mockwebserver.MockWebServer$2 acceptConnections
INFO: MockWebServer[42707] done accepting connections: Socket closed
]]></system-err>
  </testcase>
  <testcase name="sameConnectionRedirectAndReuse" classname="okhttp3.URLConnectionTest" time="0.012"/>
  <testcase name="requestHeaderValidationIsStrict" classname="okhttp3.URLConnectionTest" time="0.007"/>
  <testcase name="flushAfterStreamTransmittedWithNoLengthHeaders" classname="okhttp3.URLConnectionTest" time="0.008"/>
  <testcase name="getHeadersThrows" classname="okhttp3.URLConnectionTest" time="0.004"/>
  <testcase name="gzipEncodingEnabledByDefault" classname="okhttp3.URLConnectionTest" time="0.007"/>
  <testcase name="doesNotAttemptAuthorization21Times" classname="okhttp3.URLConnectionTest" time="0.026"/>
  <testcase name="fixedLengthUpload_byteByByte" classname="okhttp3.URLConnectionTest" time="0.066"/>
  <testcase name="nonStandardAuthenticationScheme" classname="okhttp3.URLConnectionTest" time="0.004"/>
  <testcase name="markAndResetWithNoLengthHeaders" classname="okhttp3.URLConnectionTest" time="0.007"/>
  <testcase name="urlWithBadAsciiHost" classname="okhttp3.URLConnectionTest" time="0.001"/>
  <testcase name="getContentOfType" classname="okhttp3.URLConnectionTest" time="0.009"/>
  <testcase name="redirectedWithContentLengthHeader" classname="okhttp3.URLConnectionTest" time="0.045"/>
  <testcase name="getOutputAfterGetInputStreamFails" classname="okhttp3.URLConnectionTest" time="0.004"/>
  <testcase name="setProtocolsWithNull" classname="okhttp3.URLConnectionTest" time="0.003"/>
  <testcase name="bug10100" classname="okhttp3.URLConnectionTest" time="0.012"/>
  <testcase name="gzipAndConnectionReuseWithFixedLength" classname="okhttp3.URLConnectionTest" time="0.047"/>
  <testcase name="proxyWithConnectionClose" classname="okhttp3.URLConnectionTest" time="10.01">
    <error message="Read timed out" type="java.net.SocketTimeoutException">java.net.SocketTimeoutException: Read timed out
</error>
    <system-err><![CDATA[Feb 08, 2019 12:36:45 PM okhttp3.mockwebserver.MockWebServer$2 execute
INFO: MockWebServer[41003] starting to accept connections
Feb 08, 2019 12:36:45 PM okhttp3.mockwebserver.MockWebServer$2 execute
INFO: MockWebServer[50293] starting to accept connections
Feb 08, 2019 12:36:45 PM okhttp3.mockwebserver.MockWebServer$3 processOneRequest
INFO: MockWebServer[50293] received request: CONNECT android.com:443 HTTP/1.1 and responded: HTTP/1.1 200 OK
Uncaught exception in OkHttp thread "MockWebServer"
java.lang.NoSuchFieldError: state
	at sun.security.ssl.ServerHandshaker.processMessage(ServerHandshaker.java:203)
	at sun.security.ssl.Handshaker.processLoop(Handshaker.java:1037)
	at sun.security.ssl.Handshaker.process_record(Handshaker.java:965)
	at sun.security.ssl.SSLSocketImpl.readRecord(SSLSocketImpl.java:1064)
	at sun.security.ssl.SSLSocketImpl.performInitialHandshake(SSLSocketImpl.java:1367)
	at sun.security.ssl.SSLSocketImpl.startHandshake(SSLSocketImpl.java:1395)
	at sun.security.ssl.SSLSocketImpl.startHandshake(SSLSocketImpl.java:1379)
	at okhttp3.mockwebserver.MockWebServer$3.processConnection(MockWebServer.java:441)
	at okhttp3.mockwebserver.MockWebServer$3.execute(MockWebServer.java:408)
	at okhttp3.internal.NamedRunnable.run(NamedRunnable.java:32)
	at java.util.concurrent.ThreadPoolExecutor.runWorker(ThreadPoolExecutor.java:1149)
	at java.util.concurrent.ThreadPoolExecutor$Worker.run(ThreadPoolExecutor.java:624)
	at java.lang.Thread.run(Thread.java:748)

Last test to start was: proxyWithConnectionClose(okhttp3.URLConnectionTest)
Feb 08, 2019 12:36:55 PM okhttp3.mockwebserver.MockWebServer$2 acceptConnections
INFO: MockWebServer[50293] done accepting connections: Socket closed
Feb 08, 2019 12:36:55 PM okhttp3.mockwebserver.MockWebServer$2 acceptConnections
INFO: MockWebServer[41003] done accepting connections: Socket closed
]]></system-err>
  </testcase>
  <testcase name="setsNegotiatedProtocolHeader_HTTP_2" classname="okhttp3.URLConnectionTest" time="10.021">
    <failure message="expected:&lt;[h2]&gt; but was:&lt;null&gt;" type="java.lang.AssertionError"><![CDATA[java.lang.AssertionError: expected:<[h2]> but was:<null>
	at okhttp3.URLConnectionTest.setsNegotiatedProtocolHeader(URLConnectionTest.java:3273)
	at okhttp3.URLConnectionTest.setsNegotiatedProtocolHeader_HTTP_2(URLConnectionTest.java:3262)
]]></failure>
    <system-err><![CDATA[Feb 08, 2019 12:36:55 PM okhttp3.mockwebserver.MockWebServer$2 execute
INFO: MockWebServer[36669] starting to accept connections
Feb 08, 2019 12:36:55 PM okhttp3.mockwebserver.MockWebServer$2 execute
INFO: MockWebServer[44023] starting to accept connections
Uncaught exception in OkHttp thread "MockWebServer"
java.lang.NoSuchFieldError: state
	at sun.security.ssl.ServerHandshaker.processMessage(ServerHandshaker.java:203)
	at sun.security.ssl.Handshaker.processLoop(Handshaker.java:1037)
	at sun.security.ssl.Handshaker.process_record(Handshaker.java:965)
	at sun.security.ssl.SSLSocketImpl.readRecord(SSLSocketImpl.java:1064)
	at sun.security.ssl.SSLSocketImpl.performInitialHandshake(SSLSocketImpl.java:1367)
	at sun.security.ssl.SSLSocketImpl.startHandshake(SSLSocketImpl.java:1395)
	at sun.security.ssl.SSLSocketImpl.startHandshake(SSLSocketImpl.java:1379)
	at okhttp3.mockwebserver.MockWebServer$3.processConnection(MockWebServer.java:441)
	at okhttp3.mockwebserver.MockWebServer$3.execute(MockWebServer.java:408)
	at okhttp3.internal.NamedRunnable.run(NamedRunnable.java:32)
	at java.util.concurrent.ThreadPoolExecutor.runWorker(ThreadPoolExecutor.java:1149)
	at java.util.concurrent.ThreadPoolExecutor$Worker.run(ThreadPoolExecutor.java:624)
	at java.lang.Thread.run(Thread.java:748)

Last test to start was: setsNegotiatedProtocolHeader_HTTP_2(okhttp3.URLConnectionTest)
Feb 08, 2019 12:37:05 PM okhttp3.mockwebserver.MockWebServer$2 acceptConnections
INFO: MockWebServer[44023] done accepting connections: Socket closed
Feb 08, 2019 12:37:05 PM okhttp3.mockwebserver.MockWebServer$2 acceptConnections
INFO: MockWebServer[36669] done accepting connections: Socket closed
]]></system-err>
  </testcase>
  <testcase name="proxyWithConnectionReuse" classname="okhttp3.URLConnectionTest" time="10.014">
    <error message="Read timed out" type="java.net.SocketTimeoutException">java.net.SocketTimeoutException: Read timed out
</error>
    <system-err><![CDATA[Feb 08, 2019 12:37:05 PM okhttp3.mockwebserver.MockWebServer$2 execute
INFO: MockWebServer[42911] starting to accept connections
Feb 08, 2019 12:37:05 PM okhttp3.mockwebserver.MockWebServer$2 execute
INFO: MockWebServer[45503] starting to accept connections
Feb 08, 2019 12:37:05 PM okhttp3.mockwebserver.MockWebServer$3 processOneRequest
INFO: MockWebServer[45503] received request: CONNECT android.com:443 HTTP/1.1 and responded: HTTP/1.1 200 OK
Uncaught exception in OkHttp thread "MockWebServer"
java.lang.NoSuchFieldError: state
	at sun.security.ssl.ServerHandshaker.processMessage(ServerHandshaker.java:203)
	at sun.security.ssl.Handshaker.processLoop(Handshaker.java:1037)
	at sun.security.ssl.Handshaker.process_record(Handshaker.java:965)
	at sun.security.ssl.SSLSocketImpl.readRecord(SSLSocketImpl.java:1064)
	at sun.security.ssl.SSLSocketImpl.performInitialHandshake(SSLSocketImpl.java:1367)
	at sun.security.ssl.SSLSocketImpl.startHandshake(SSLSocketImpl.java:1395)
	at sun.security.ssl.SSLSocketImpl.startHandshake(SSLSocketImpl.java:1379)
	at okhttp3.mockwebserver.MockWebServer$3.processConnection(MockWebServer.java:441)
	at okhttp3.mockwebserver.MockWebServer$3.execute(MockWebServer.java:408)
	at okhttp3.internal.NamedRunnable.run(NamedRunnable.java:32)
	at java.util.concurrent.ThreadPoolExecutor.runWorker(ThreadPoolExecutor.java:1149)
	at java.util.concurrent.ThreadPoolExecutor$Worker.run(ThreadPoolExecutor.java:624)
	at java.lang.Thread.run(Thread.java:748)

Last test to start was: proxyWithConnectionReuse(okhttp3.URLConnectionTest)
Feb 08, 2019 12:37:15 PM okhttp3.mockwebserver.MockWebServer$2 acceptConnections
INFO: MockWebServer[45503] done accepting connections: Socket closed
Feb 08, 2019 12:37:15 PM okhttp3.mockwebserver.MockWebServer$2 acceptConnections
INFO: MockWebServer[42911] done accepting connections: Socket closed
]]></system-err>
  </testcase>
  <testcase name="noTransparentGzipFor304NotModified" classname="okhttp3.URLConnectionTest" time="0.051"/>
  <testcase name="postFailsWithFixedLengthRequestForLargeRequest" classname="okhttp3.URLConnectionTest" time="0.514"/>
  <testcase name="response300MultipleChoiceWithPost" classname="okhttp3.URLConnectionTest" time="0.047"/>
  <testcase name="gzipAndConnectionReuseWithChunkedEncodingAndTls" classname="okhttp3.URLConnectionTest" time="10.02">
    <error message="Read timed out" type="java.net.SocketTimeoutException">java.net.SocketTimeoutException: Read timed out
	at okhttp3.URLConnectionTest.testClientConfiguredGzipContentEncodingAndConnectionReuse(URLConnectionTest.java:1420)
	at okhttp3.URLConnectionTest.gzipAndConnectionReuseWithChunkedEncodingAndTls(URLConnectionTest.java:1378)
</error>
    <system-err><![CDATA[Feb 08, 2019 12:37:16 PM okhttp3.mockwebserver.MockWebServer$2 execute
INFO: MockWebServer[40185] starting to accept connections
Feb 08, 2019 12:37:16 PM okhttp3.mockwebserver.MockWebServer$2 execute
INFO: MockWebServer[55319] starting to accept connections
Uncaught exception in OkHttp thread "MockWebServer"
java.lang.NoSuchFieldError: state
	at sun.security.ssl.ServerHandshaker.processMessage(ServerHandshaker.java:203)
	at sun.security.ssl.Handshaker.processLoop(Handshaker.java:1037)
	at sun.security.ssl.Handshaker.process_record(Handshaker.java:965)
	at sun.security.ssl.SSLSocketImpl.readRecord(SSLSocketImpl.java:1064)
	at sun.security.ssl.SSLSocketImpl.performInitialHandshake(SSLSocketImpl.java:1367)
	at sun.security.ssl.SSLSocketImpl.startHandshake(SSLSocketImpl.java:1395)
	at sun.security.ssl.SSLSocketImpl.startHandshake(SSLSocketImpl.java:1379)
	at okhttp3.mockwebserver.MockWebServer$3.processConnection(MockWebServer.java:441)
	at okhttp3.mockwebserver.MockWebServer$3.execute(MockWebServer.java:408)
	at okhttp3.internal.NamedRunnable.run(NamedRunnable.java:32)
	at java.util.concurrent.ThreadPoolExecutor.runWorker(ThreadPoolExecutor.java:1149)
	at java.util.concurrent.ThreadPoolExecutor$Worker.run(ThreadPoolExecutor.java:624)
	at java.lang.Thread.run(Thread.java:748)

Last test to start was: gzipAndConnectionReuseWithChunkedEncodingAndTls(okhttp3.URLConnectionTest)
Feb 08, 2019 12:37:26 PM okhttp3.mockwebserver.MockWebServer$2 acceptConnections
INFO: MockWebServer[55319] done accepting connections: Socket closed
Feb 08, 2019 12:37:26 PM okhttp3.mockwebserver.MockWebServer$2 acceptConnections
INFO: MockWebServer[40185] done accepting connections: Socket closed
]]></system-err>
  </testcase>
  <testcase name="cannotSetFixedLengthStreamingModeAfterChunkedStreamingMode" classname="okhttp3.URLConnectionTest" time="0.004"/>
  <testcase name="digestAuthentication" classname="okhttp3.URLConnectionTest" time="0.012"/>
  <testcase name="flushAfterStreamTransmittedWithFixedLength" classname="okhttp3.URLConnectionTest" time="0.01"/>
  <testcase name="urlContainsQueryButNoPath" classname="okhttp3.URLConnectionTest" time="0.006"/>
  <testcase name="getErrorStreamOnUnsuccessfulRequest" classname="okhttp3.URLConnectionTest" time="0.005"/>
  <testcase name="contentDisagreesWithChunkedHeaderBodyTooLong" classname="okhttp3.URLConnectionTest" time="0.005"/>
  <testcase name="streamedBodyIsNotRetried" classname="okhttp3.URLConnectionTest" time="0.006"/>
  <testcase name="setDoOutputOrDoInputAfterConnectFails" classname="okhttp3.URLConnectionTest" time="0.009"/>
  <testcase name="postBodiesRetransmittedOnAuthProblems" classname="okhttp3.URLConnectionTest" time="0">
    <skipped/>
  </testcase>
  <testcase name="testPooledConnectionsDetectHttp10" classname="okhttp3.URLConnectionTest" time="0">
    <skipped/>
  </testcase>
  <testcase name="authenticateWithGet" classname="okhttp3.URLConnectionTest" time="0.14"/>
  <testcase name="getContentTypeConnects" classname="okhttp3.URLConnectionTest" time="0.006"/>
  <testcase name="streamedBodyIsRetriedOnHttp2Shutdown" classname="okhttp3.URLConnectionTest" time="10.009">
    <error message="Read timed out" type="java.net.SocketTimeoutException">java.net.SocketTimeoutException: Read timed out
</error>
    <system-err><![CDATA[Feb 08, 2019 12:37:26 PM okhttp3.mockwebserver.MockWebServer$2 execute
INFO: MockWebServer[38691] starting to accept connections
Feb 08, 2019 12:37:26 PM okhttp3.mockwebserver.MockWebServer$2 execute
INFO: MockWebServer[39185] starting to accept connections
Uncaught exception in OkHttp thread "MockWebServer"
java.lang.NoSuchFieldError: state
	at sun.security.ssl.ServerHandshaker.processMessage(ServerHandshaker.java:203)
	at sun.security.ssl.Handshaker.processLoop(Handshaker.java:1037)
	at sun.security.ssl.Handshaker.process_record(Handshaker.java:965)
	at sun.security.ssl.SSLSocketImpl.readRecord(SSLSocketImpl.java:1064)
	at sun.security.ssl.SSLSocketImpl.performInitialHandshake(SSLSocketImpl.java:1367)
	at sun.security.ssl.SSLSocketImpl.startHandshake(SSLSocketImpl.java:1395)
	at sun.security.ssl.SSLSocketImpl.startHandshake(SSLSocketImpl.java:1379)
	at okhttp3.mockwebserver.MockWebServer$3.processConnection(MockWebServer.java:441)
	at okhttp3.mockwebserver.MockWebServer$3.execute(MockWebServer.java:408)
	at okhttp3.internal.NamedRunnable.run(NamedRunnable.java:32)
	at java.util.concurrent.ThreadPoolExecutor.runWorker(ThreadPoolExecutor.java:1149)
	at java.util.concurrent.ThreadPoolExecutor$Worker.run(ThreadPoolExecutor.java:624)
	at java.lang.Thread.run(Thread.java:748)

Last test to start was: streamedBodyIsRetriedOnHttp2Shutdown(okhttp3.URLConnectionTest)
Feb 08, 2019 12:37:36 PM okhttp3.mockwebserver.MockWebServer$2 acceptConnections
INFO: MockWebServer[39185] done accepting connections: Socket closed
Feb 08, 2019 12:37:36 PM okhttp3.mockwebserver.MockWebServer$2 acceptConnections
INFO: MockWebServer[38691] done accepting connections: Socket closed
]]></system-err>
  </testcase>
  <testcase name="postEmptyBodyRetransmittedAfterAuthorizationFail_HTTP_2" classname="okhttp3.URLConnectionTest" time="10.015">
    <error message="Read timed out" type="java.net.SocketTimeoutException">java.net.SocketTimeoutException: Read timed out
	at okhttp3.URLConnectionTest.postBodyRetransmittedAfterAuthorizationFail(URLConnectionTest.java:1612)
	at okhttp3.URLConnectionTest.postEmptyBodyRetransmittedAfterAuthorizationFail_HTTP_2(URLConnectionTest.java:1595)
</error>
    <system-err><![CDATA[Feb 08, 2019 12:37:36 PM okhttp3.mockwebserver.MockWebServer$2 execute
INFO: MockWebServer[50283] starting to accept connections
Feb 08, 2019 12:37:36 PM okhttp3.mockwebserver.MockWebServer$2 execute
INFO: MockWebServer[39789] starting to accept connections
Uncaught exception in OkHttp thread "MockWebServer"
java.lang.NoSuchFieldError: state
	at sun.security.ssl.ServerHandshaker.processMessage(ServerHandshaker.java:203)
	at sun.security.ssl.Handshaker.processLoop(Handshaker.java:1037)
	at sun.security.ssl.Handshaker.process_record(Handshaker.java:965)
	at sun.security.ssl.SSLSocketImpl.readRecord(SSLSocketImpl.java:1064)
	at sun.security.ssl.SSLSocketImpl.performInitialHandshake(SSLSocketImpl.java:1367)
	at sun.security.ssl.SSLSocketImpl.startHandshake(SSLSocketImpl.java:1395)
	at sun.security.ssl.SSLSocketImpl.startHandshake(SSLSocketImpl.java:1379)
	at okhttp3.mockwebserver.MockWebServer$3.processConnection(MockWebServer.java:441)
	at okhttp3.mockwebserver.MockWebServer$3.execute(MockWebServer.java:408)
	at okhttp3.internal.NamedRunnable.run(NamedRunnable.java:32)
	at java.util.concurrent.ThreadPoolExecutor.runWorker(ThreadPoolExecutor.java:1149)
	at java.util.concurrent.ThreadPoolExecutor$Worker.run(ThreadPoolExecutor.java:624)
	at java.lang.Thread.run(Thread.java:748)

Last test to start was: postEmptyBodyRetransmittedAfterAuthorizationFail_HTTP_2(okhttp3.URLConnectionTest)
Feb 08, 2019 12:37:46 PM okhttp3.mockwebserver.MockWebServer$2 acceptConnections
INFO: MockWebServer[39789] done accepting connections: Socket closed
Feb 08, 2019 12:37:46 PM okhttp3.mockwebserver.MockWebServer$2 acceptConnections
INFO: MockWebServer[50283] done accepting connections: Socket closed
]]></system-err>
  </testcase>
  <testcase name="requestBodySurvivesRetriesWithFixedLength" classname="okhttp3.URLConnectionTest" time="0.008"/>
  <testcase name="clientSendsContentLength" classname="okhttp3.URLConnectionTest" time="0.003"/>
  <testcase name="nullSSLSocketFactory_throws" classname="okhttp3.URLConnectionTest" time="0.012"/>
  <testcase name="authenticateWithGetAndTransparentGzip" classname="okhttp3.URLConnectionTest" time="0.133"/>
  <testcase name="nonStandardAuthenticationSchemeWithRealm" classname="okhttp3.URLConnectionTest" time="0.002"/>
  <testcase name="zeroLengthPut_HTTP_2" classname="okhttp3.URLConnectionTest" time="10.009">
    <error message="Read timed out" type="java.net.SocketTimeoutException">java.net.SocketTimeoutException: Read timed out
</error>
    <system-err><![CDATA[Feb 08, 2019 12:37:46 PM okhttp3.mockwebserver.MockWebServer$2 execute
INFO: MockWebServer[39921] starting to accept connections
Feb 08, 2019 12:37:46 PM okhttp3.mockwebserver.MockWebServer$2 execute
INFO: MockWebServer[43141] starting to accept connections
Uncaught exception in OkHttp thread "MockWebServer"
java.lang.NoSuchFieldError: state
	at sun.security.ssl.ServerHandshaker.processMessage(ServerHandshaker.java:203)
	at sun.security.ssl.Handshaker.processLoop(Handshaker.java:1037)
	at sun.security.ssl.Handshaker.process_record(Handshaker.java:965)
	at sun.security.ssl.SSLSocketImpl.readRecord(SSLSocketImpl.java:1064)
	at sun.security.ssl.SSLSocketImpl.performInitialHandshake(SSLSocketImpl.java:1367)
	at sun.security.ssl.SSLSocketImpl.startHandshake(SSLSocketImpl.java:1395)
	at sun.security.ssl.SSLSocketImpl.startHandshake(SSLSocketImpl.java:1379)
	at okhttp3.mockwebserver.MockWebServer$3.processConnection(MockWebServer.java:441)
	at okhttp3.mockwebserver.MockWebServer$3.execute(MockWebServer.java:408)
	at okhttp3.internal.NamedRunnable.run(NamedRunnable.java:32)
	at java.util.concurrent.ThreadPoolExecutor.runWorker(ThreadPoolExecutor.java:1149)
	at java.util.concurrent.ThreadPoolExecutor$Worker.run(ThreadPoolExecutor.java:624)
	at java.lang.Thread.run(Thread.java:748)

Last test to start was: zeroLengthPut_HTTP_2(okhttp3.URLConnectionTest)
Feb 08, 2019 12:37:56 PM okhttp3.mockwebserver.MockWebServer$2 acceptConnections
INFO: MockWebServer[43141] done accepting connections: Socket closed
Feb 08, 2019 12:37:56 PM okhttp3.mockwebserver.MockWebServer$2 acceptConnections
INFO: MockWebServer[39921] done accepting connections: Socket closed
]]></system-err>
  </testcase>
  <testcase name="cannotSetChunkedStreamingModeAfterConnect" classname="okhttp3.URLConnectionTest" time="0.005"/>
  <testcase name="flushAfterStreamTransmittedWithChunkedEncoding" classname="okhttp3.URLConnectionTest" time="0.009"/>
  <testcase name="postBodyRetransmittedOnFailureRecovery" classname="okhttp3.URLConnectionTest" time="0.016"/>
  <testcase name="requestHeaders" classname="okhttp3.URLConnectionTest" time="0.018"/>
  <testcase name="malformedChunkSize" classname="okhttp3.URLConnectionTest" time="0.011"/>
  <testcase name="authenticateWithPost" classname="okhttp3.URLConnectionTest" time="0.145"/>
  <testcase name="invalidHost" classname="okhttp3.URLConnectionTest" time="0.002"/>
  <testcase name="markAndResetWithChunkedEncoding" classname="okhttp3.URLConnectionTest" time="0.046"/>
  <testcase name="notRedirectedFromHttpToHttps" classname="okhttp3.URLConnectionTest" time="0.01"/>
  <testcase name="setChunkedEncodingAsRequestProperty" classname="okhttp3.URLConnectionTest" time="0.003"/>
  <testcase name="connectViaHttpsReusingConnectionsAfterRebuildingClient" classname="okhttp3.URLConnectionTest" time="10.012">
    <error message="Read timed out" type="java.net.SocketTimeoutException">java.net.SocketTimeoutException: Read timed out
</error>
    <system-err><![CDATA[Feb 08, 2019 12:37:56 PM okhttp3.mockwebserver.MockWebServer$2 execute
INFO: MockWebServer[43929] starting to accept connections
Feb 08, 2019 12:37:56 PM okhttp3.mockwebserver.MockWebServer$2 execute
INFO: MockWebServer[53971] starting to accept connections
Uncaught exception in OkHttp thread "MockWebServer"
java.lang.NoSuchFieldError: state
	at sun.security.ssl.ServerHandshaker.processMessage(ServerHandshaker.java:203)
	at sun.security.ssl.Handshaker.processLoop(Handshaker.java:1037)
	at sun.security.ssl.Handshaker.process_record(Handshaker.java:965)
	at sun.security.ssl.SSLSocketImpl.readRecord(SSLSocketImpl.java:1064)
	at sun.security.ssl.SSLSocketImpl.performInitialHandshake(SSLSocketImpl.java:1367)
	at sun.security.ssl.SSLSocketImpl.startHandshake(SSLSocketImpl.java:1395)
	at sun.security.ssl.SSLSocketImpl.startHandshake(SSLSocketImpl.java:1379)
	at okhttp3.mockwebserver.MockWebServer$3.processConnection(MockWebServer.java:441)
	at okhttp3.mockwebserver.MockWebServer$3.execute(MockWebServer.java:408)
	at okhttp3.internal.NamedRunnable.run(NamedRunnable.java:32)
	at java.util.concurrent.ThreadPoolExecutor.runWorker(ThreadPoolExecutor.java:1149)
	at java.util.concurrent.ThreadPoolExecutor$Worker.run(ThreadPoolExecutor.java:624)
	at java.lang.Thread.run(Thread.java:748)

Last test to start was: connectViaHttpsReusingConnectionsAfterRebuildingClient(okhttp3.URLConnectionTest)
Feb 08, 2019 12:38:07 PM okhttp3.mockwebserver.MockWebServer$2 acceptConnections
INFO: MockWebServer[53971] done accepting connections: Socket closed
Feb 08, 2019 12:38:07 PM okhttp3.mockwebserver.MockWebServer$2 acceptConnections
INFO: MockWebServer[43929] done accepting connections: Socket closed
]]></system-err>
  </testcase>
  <testcase name="deflateCompression" classname="okhttp3.URLConnectionTest" time="0">
    <skipped/>
  </testcase>
  <testcase name="earlyDisconnectDoesntHarmPoolingWithChunkedEncoding" classname="okhttp3.URLConnectionTest" time="0.047"/>
  <testcase name="disconnectDuringConnect_cookieJar" classname="okhttp3.URLConnectionTest" time="0.004"/>
  <testcase name="emptyRequestHeaderValueIsAllowed" classname="okhttp3.URLConnectionTest" time="0.004"/>
  <testcase name="connectHttpsViaSocketFactory" classname="okhttp3.URLConnectionTest" time="10.005">
    <error message="Read timed out" type="java.net.SocketTimeoutException">java.net.SocketTimeoutException: Read timed out
	at okhttp3.URLConnectionTest.testConnectViaSocketFactory(URLConnectionTest.java:875)
	at okhttp3.URLConnectionTest.connectHttpsViaSocketFactory(URLConnectionTest.java:883)
</error>
    <system-err><![CDATA[Feb 08, 2019 12:38:07 PM okhttp3.mockwebserver.MockWebServer$2 execute
INFO: MockWebServer[42465] starting to accept connections
Feb 08, 2019 12:38:07 PM okhttp3.mockwebserver.MockWebServer$2 execute
INFO: MockWebServer[58033] starting to accept connections
Uncaught exception in OkHttp thread "MockWebServer"
java.lang.NoSuchFieldError: state
	at sun.security.ssl.ServerHandshaker.processMessage(ServerHandshaker.java:203)
	at sun.security.ssl.Handshaker.processLoop(Handshaker.java:1037)
	at sun.security.ssl.Handshaker.process_record(Handshaker.java:965)
	at sun.security.ssl.SSLSocketImpl.readRecord(SSLSocketImpl.java:1064)
	at sun.security.ssl.SSLSocketImpl.performInitialHandshake(SSLSocketImpl.java:1367)
	at sun.security.ssl.SSLSocketImpl.startHandshake(SSLSocketImpl.java:1395)
	at sun.security.ssl.SSLSocketImpl.startHandshake(SSLSocketImpl.java:1379)
	at okhttp3.mockwebserver.MockWebServer$3.processConnection(MockWebServer.java:441)
	at okhttp3.mockwebserver.MockWebServer$3.execute(MockWebServer.java:408)
	at okhttp3.internal.NamedRunnable.run(NamedRunnable.java:32)
	at java.util.concurrent.ThreadPoolExecutor.runWorker(ThreadPoolExecutor.java:1149)
	at java.util.concurrent.ThreadPoolExecutor$Worker.run(ThreadPoolExecutor.java:624)
	at java.lang.Thread.run(Thread.java:748)

Last test to start was: connectHttpsViaSocketFactory(okhttp3.URLConnectionTest)
Feb 08, 2019 12:38:17 PM okhttp3.mockwebserver.MockWebServer$2 acceptConnections
INFO: MockWebServer[58033] done accepting connections: Socket closed
Feb 08, 2019 12:38:17 PM okhttp3.mockwebserver.MockWebServer$2 acceptConnections
INFO: MockWebServer[42465] done accepting connections: Socket closed
]]></system-err>
  </testcase>
  <testcase name="chunkedConnectionsArePooled" classname="okhttp3.URLConnectionTest" time="0.103"/>
  <testcase name="authenticateCallsTrackedAsRedirects" classname="okhttp3.URLConnectionTest" time="0.048"/>
  <testcase name="serverSendsInvalidCodeNotANumber" classname="okhttp3.URLConnectionTest" time="0.006"/>
  <testcase name="postRedirectToGetWithChunkedRequest" classname="okhttp3.URLConnectionTest" time="0.049"/>
  <testcase name="gzipAndConnectionReuseWithFixedLengthAndTls" classname="okhttp3.URLConnectionTest" time="10.02">
    <error message="Read timed out" type="java.net.SocketTimeoutException">java.net.SocketTimeoutException: Read timed out
	at okhttp3.URLConnectionTest.testClientConfiguredGzipContentEncodingAndConnectionReuse(URLConnectionTest.java:1420)
	at okhttp3.URLConnectionTest.gzipAndConnectionReuseWithFixedLengthAndTls(URLConnectionTest.java:1374)
</error>
    <system-err><![CDATA[Feb 08, 2019 12:38:17 PM okhttp3.mockwebserver.MockWebServer$2 execute
INFO: MockWebServer[47809] starting to accept connections
Feb 08, 2019 12:38:17 PM okhttp3.mockwebserver.MockWebServer$2 execute
INFO: MockWebServer[49937] starting to accept connections
Uncaught exception in OkHttp thread "MockWebServer"
java.lang.NoSuchFieldError: state
	at sun.security.ssl.ServerHandshaker.processMessage(ServerHandshaker.java:203)
	at sun.security.ssl.Handshaker.processLoop(Handshaker.java:1037)
	at sun.security.ssl.Handshaker.process_record(Handshaker.java:965)
	at sun.security.ssl.SSLSocketImpl.readRecord(SSLSocketImpl.java:1064)
	at sun.security.ssl.SSLSocketImpl.performInitialHandshake(SSLSocketImpl.java:1367)
	at sun.security.ssl.SSLSocketImpl.startHandshake(SSLSocketImpl.java:1395)
	at sun.security.ssl.SSLSocketImpl.startHandshake(SSLSocketImpl.java:1379)
	at okhttp3.mockwebserver.MockWebServer$3.processConnection(MockWebServer.java:441)
	at okhttp3.mockwebserver.MockWebServer$3.execute(MockWebServer.java:408)
	at okhttp3.internal.NamedRunnable.run(NamedRunnable.java:32)
	at java.util.concurrent.ThreadPoolExecutor.runWorker(ThreadPoolExecutor.java:1149)
	at java.util.concurrent.ThreadPoolExecutor$Worker.run(ThreadPoolExecutor.java:624)
	at java.lang.Thread.run(Thread.java:748)

Last test to start was: gzipAndConnectionReuseWithFixedLengthAndTls(okhttp3.URLConnectionTest)
Feb 08, 2019 12:38:27 PM okhttp3.mockwebserver.MockWebServer$2 acceptConnections
INFO: MockWebServer[49937] done accepting connections: Socket closed
Feb 08, 2019 12:38:27 PM okhttp3.mockwebserver.MockWebServer$2 acceptConnections
INFO: MockWebServer[47809] done accepting connections: Socket closed
]]></system-err>
  </testcase>
  <testcase name="http11SelectedProtocol" classname="okhttp3.URLConnectionTest" time="0.009"/>
  <testcase name="connectRetriesUntilConnectedOrFailed" classname="okhttp3.URLConnectionTest" time="0.005"/>
  <testcase name="redirectWithProxySelector" classname="okhttp3.URLConnectionTest" time="0.008"/>
  <testcase name="urlHostWithNul" classname="okhttp3.URLConnectionTest" time="0.003"/>
  <testcase name="missingChunkBody" classname="okhttp3.URLConnectionTest" time="0.005"/>
  <testcase name="connectViaHttpProxyToHttpsUsingHttpsProxySystemProperty" classname="okhttp3.URLConnectionTest" time="10.01">
    <error message="Read timed out" type="java.net.SocketTimeoutException">java.net.SocketTimeoutException: Read timed out
</error>
    <system-err><![CDATA[Feb 08, 2019 12:38:27 PM okhttp3.mockwebserver.MockWebServer$2 execute
INFO: MockWebServer[47491] starting to accept connections
Feb 08, 2019 12:38:27 PM okhttp3.mockwebserver.MockWebServer$2 execute
INFO: MockWebServer[39887] starting to accept connections
Feb 08, 2019 12:38:27 PM okhttp3.mockwebserver.MockWebServer$3 processOneRequest
INFO: MockWebServer[39887] received request: CONNECT android.com:443 HTTP/1.1 and responded: HTTP/1.1 200 OK
Uncaught exception in OkHttp thread "MockWebServer"
java.lang.NoSuchFieldError: state
	at sun.security.ssl.ServerHandshaker.processMessage(ServerHandshaker.java:203)
	at sun.security.ssl.Handshaker.processLoop(Handshaker.java:1037)
	at sun.security.ssl.Handshaker.process_record(Handshaker.java:965)
	at sun.security.ssl.SSLSocketImpl.readRecord(SSLSocketImpl.java:1064)
	at sun.security.ssl.SSLSocketImpl.performInitialHandshake(SSLSocketImpl.java:1367)
	at sun.security.ssl.SSLSocketImpl.startHandshake(SSLSocketImpl.java:1395)
	at sun.security.ssl.SSLSocketImpl.startHandshake(SSLSocketImpl.java:1379)
	at okhttp3.mockwebserver.MockWebServer$3.processConnection(MockWebServer.java:441)
	at okhttp3.mockwebserver.MockWebServer$3.execute(MockWebServer.java:408)
	at okhttp3.internal.NamedRunnable.run(NamedRunnable.java:32)
	at java.util.concurrent.ThreadPoolExecutor.runWorker(ThreadPoolExecutor.java:1149)
	at java.util.concurrent.ThreadPoolExecutor$Worker.run(ThreadPoolExecutor.java:624)
	at java.lang.Thread.run(Thread.java:748)

Last test to start was: connectViaHttpProxyToHttpsUsingHttpsProxySystemProperty(okhttp3.URLConnectionTest)
Feb 08, 2019 12:38:37 PM okhttp3.mockwebserver.MockWebServer$2 acceptConnections
INFO: MockWebServer[39887] done accepting connections: Socket closed
Feb 08, 2019 12:38:37 PM okhttp3.mockwebserver.MockWebServer$2 acceptConnections
INFO: MockWebServer[47491] done accepting connections: Socket closed
]]></system-err>
  </testcase>
  <testcase name="streamDiscardingIsTimely" classname="okhttp3.URLConnectionTest" time="0.114"/>
  <testcase name="cannotSetFixedLengthStreamingModeAfterConnect" classname="okhttp3.URLConnectionTest" time="0.013"/>
  <testcase name="follow20Redirects" classname="okhttp3.URLConnectionTest" time="0.891"/>
  <testcase name="clientConfiguredGzipContentEncoding" classname="okhttp3.URLConnectionTest" time="0.002"/>
  <testcase name="responseCodeDisagreesWithHeaders" classname="okhttp3.URLConnectionTest" time="0.001"/>
  <testcase name="customBasicAuthenticator" classname="okhttp3.URLConnectionTest" time="0.044"/>
  <testcase name="emptyResponseHeaderValueIsAllowed" classname="okhttp3.URLConnectionTest" time="0.005"/>
  <testcase name="setSslSocketFactoryFailsOnJdk9" classname="okhttp3.URLConnectionTest" time="0">
    <skipped message="got: &lt;false&gt;, expected: is &lt;true&gt;"/>
    <system-err><![CDATA[Feb 08, 2019 12:38:38 PM okhttp3.mockwebserver.MockWebServer$2 execute
INFO: MockWebServer[42119] starting to accept connections
Feb 08, 2019 12:38:38 PM okhttp3.mockwebserver.MockWebServer$2 execute
INFO: MockWebServer[46561] starting to accept connections
Feb 08, 2019 12:38:38 PM okhttp3.mockwebserver.MockWebServer$2 acceptConnections
INFO: MockWebServer[46561] done accepting connections: Socket closed
Feb 08, 2019 12:38:38 PM okhttp3.mockwebserver.MockWebServer$2 acceptConnections
INFO: MockWebServer[42119] done accepting connections: Socket closed
]]></system-err>
  </testcase>
  <testcase name="doesNotFollow21Redirects" classname="okhttp3.URLConnectionTest" time="0.885"/>
  <testcase name="unexpectedExceptionAsync" classname="okhttp3.URLConnectionTest" time="0.006"/>
  <testcase name="allAttributesSetInProxyAuthenticationCallbacks" classname="okhttp3.URLConnectionTest" time="0.003"/>
  <testcase name="pooledConnectionProblemsNotReportedToProxySelector" classname="okhttp3.URLConnectionTest" time="0">
    <skipped/>
  </testcase>
  <testcase name="extensionAfterChunkSize" classname="okhttp3.URLConnectionTest" time="0.002"/>
  <testcase name="contentDisagreesWithContentLengthHeaderBodyTooLong" classname="okhttp3.URLConnectionTest" time="0.007"/>
  <testcase name="connectionCloseWithRedirect" classname="okhttp3.URLConnectionTest" time="0.002"/>
  <testcase name="sslFallbackNotUsedWhenRecycledConnectionFails" classname="okhttp3.URLConnectionTest" time="10.016">
    <error message="Read timed out" type="java.net.SocketTimeoutException">java.net.SocketTimeoutException: Read timed out
</error>
    <system-err><![CDATA[Feb 08, 2019 12:38:39 PM okhttp3.mockwebserver.MockWebServer$2 execute
INFO: MockWebServer[50025] starting to accept connections
Feb 08, 2019 12:38:39 PM okhttp3.mockwebserver.MockWebServer$2 execute
INFO: MockWebServer[36021] starting to accept connections
Uncaught exception in OkHttp thread "MockWebServer"
java.lang.NoSuchFieldError: state
	at sun.security.ssl.ServerHandshaker.processMessage(ServerHandshaker.java:203)
	at sun.security.ssl.Handshaker.processLoop(Handshaker.java:1037)
	at sun.security.ssl.Handshaker.process_record(Handshaker.java:965)
	at sun.security.ssl.SSLSocketImpl.readRecord(SSLSocketImpl.java:1064)
	at sun.security.ssl.SSLSocketImpl.performInitialHandshake(SSLSocketImpl.java:1367)
	at sun.security.ssl.SSLSocketImpl.startHandshake(SSLSocketImpl.java:1395)
	at sun.security.ssl.SSLSocketImpl.startHandshake(SSLSocketImpl.java:1379)
	at okhttp3.mockwebserver.MockWebServer$3.processConnection(MockWebServer.java:441)
	at okhttp3.mockwebserver.MockWebServer$3.execute(MockWebServer.java:408)
	at okhttp3.internal.NamedRunnable.run(NamedRunnable.java:32)
	at java.util.concurrent.ThreadPoolExecutor.runWorker(ThreadPoolExecutor.java:1149)
	at java.util.concurrent.ThreadPoolExecutor$Worker.run(ThreadPoolExecutor.java:624)
	at java.lang.Thread.run(Thread.java:748)

Last test to start was: sslFallbackNotUsedWhenRecycledConnectionFails(okhttp3.URLConnectionTest)
Feb 08, 2019 12:38:49 PM okhttp3.mockwebserver.MockWebServer$2 acceptConnections
INFO: MockWebServer[36021] done accepting connections: Socket closed
Feb 08, 2019 12:38:49 PM okhttp3.mockwebserver.MockWebServer$2 acceptConnections
INFO: MockWebServer[50025] done accepting connections: Socket closed
]]></system-err>
  </testcase>
  <testcase name="response308WithHead" classname="okhttp3.URLConnectionTest" time="0.007"/>
  <testcase name="response308WithPost" classname="okhttp3.URLConnectionTest" time="0.009"/>
  <testcase name="contentDisagreesWithContentLengthHeaderBodyTooShort" classname="okhttp3.URLConnectionTest" time="0.007"/>
  <testcase name="defaultRequestProperty" classname="okhttp3.URLConnectionTest" time="0.004"/>
  <testcase name="redirectWithAuthentication" classname="okhttp3.URLConnectionTest" time="0.007"/>
  <testcase name="connectViaProxyUsingProxyArg" classname="okhttp3.URLConnectionTest" time="0.005"/>
  <testcase name="attemptAuthorization20Times" classname="okhttp3.URLConnectionTest" time="0.055"/>
  <testcase name="doOutputForMethodThatDoesntSupportOutput" classname="okhttp3.URLConnectionTest" time="0.003"/>
  <testcase name="serverSendsInvalidResponseHeaders" classname="okhttp3.URLConnectionTest" time="0.004"/>
  <testcase name="markAndResetWithContentLengthHeader" classname="okhttp3.URLConnectionTest" time="0.049"/>
  <testcase name="serverClosesSocket" classname="okhttp3.URLConnectionTest" time="0.522"/>
  <testcase name="connectViaHttpProxyToHttpsUsingBadProxyAndHttpResponseCache" classname="okhttp3.URLConnectionTest" time="10.031">
    <error message="Read timed out" type="java.net.SocketTimeoutException">java.net.SocketTimeoutException: Read timed out
</error>
    <system-err><![CDATA[Feb 08, 2019 12:38:50 PM okhttp3.mockwebserver.MockWebServer$2 execute
INFO: MockWebServer[33405] starting to accept connections
Feb 08, 2019 12:38:50 PM okhttp3.mockwebserver.MockWebServer$2 execute
INFO: MockWebServer[35191] starting to accept connections
Feb 08, 2019 12:38:50 PM okhttp3.mockwebserver.MockWebServer$3 processOneRequest
INFO: MockWebServer[35191] received request: CONNECT android.com:443 HTTP/1.1 and responded: HTTP/1.1 200 OK
Uncaught exception in OkHttp thread "MockWebServer"
java.lang.NoSuchFieldError: state
	at sun.security.ssl.ServerHandshaker.processMessage(ServerHandshaker.java:203)
	at sun.security.ssl.Handshaker.processLoop(Handshaker.java:1037)
	at sun.security.ssl.Handshaker.process_record(Handshaker.java:965)
	at sun.security.ssl.SSLSocketImpl.readRecord(SSLSocketImpl.java:1064)
	at sun.security.ssl.SSLSocketImpl.performInitialHandshake(SSLSocketImpl.java:1367)
	at sun.security.ssl.SSLSocketImpl.startHandshake(SSLSocketImpl.java:1395)
	at sun.security.ssl.SSLSocketImpl.startHandshake(SSLSocketImpl.java:1379)
	at okhttp3.mockwebserver.MockWebServer$3.processConnection(MockWebServer.java:441)
	at okhttp3.mockwebserver.MockWebServer$3.execute(MockWebServer.java:408)
	at okhttp3.internal.NamedRunnable.run(NamedRunnable.java:32)
	at java.util.concurrent.ThreadPoolExecutor.runWorker(ThreadPoolExecutor.java:1149)
	at java.util.concurrent.ThreadPoolExecutor$Worker.run(ThreadPoolExecutor.java:624)
	at java.lang.Thread.run(Thread.java:748)

Last test to start was: connectViaHttpProxyToHttpsUsingBadProxyAndHttpResponseCache(okhttp3.URLConnectionTest)
Feb 08, 2019 12:39:00 PM okhttp3.mockwebserver.MockWebServer$2 acceptConnections
INFO: MockWebServer[35191] done accepting connections: Socket closed
Feb 08, 2019 12:39:00 PM okhttp3.mockwebserver.MockWebServer$2 acceptConnections
INFO: MockWebServer[33405] done accepting connections: Socket closed
]]></system-err>
  </testcase>
  <testcase name="connectViaHttpProxyToHttpsUsingProxyArgWithNoProxy" classname="okhttp3.URLConnectionTest" time="10.011">
    <error message="Read timed out" type="java.net.SocketTimeoutException">java.net.SocketTimeoutException: Read timed out
</error>
    <system-err><![CDATA[Feb 08, 2019 12:39:00 PM okhttp3.mockwebserver.MockWebServer$2 execute
INFO: MockWebServer[57907] starting to accept connections
Feb 08, 2019 12:39:00 PM okhttp3.mockwebserver.MockWebServer$2 execute
INFO: MockWebServer[48183] starting to accept connections
Uncaught exception in OkHttp thread "MockWebServer"
java.lang.NoSuchFieldError: state
	at sun.security.ssl.ServerHandshaker.processMessage(ServerHandshaker.java:203)
	at sun.security.ssl.Handshaker.processLoop(Handshaker.java:1037)
	at sun.security.ssl.Handshaker.process_record(Handshaker.java:965)
	at sun.security.ssl.SSLSocketImpl.readRecord(SSLSocketImpl.java:1064)
	at sun.security.ssl.SSLSocketImpl.performInitialHandshake(SSLSocketImpl.java:1367)
	at sun.security.ssl.SSLSocketImpl.startHandshake(SSLSocketImpl.java:1395)
	at sun.security.ssl.SSLSocketImpl.startHandshake(SSLSocketImpl.java:1379)
	at okhttp3.mockwebserver.MockWebServer$3.processConnection(MockWebServer.java:441)
	at okhttp3.mockwebserver.MockWebServer$3.execute(MockWebServer.java:408)
	at okhttp3.internal.NamedRunnable.run(NamedRunnable.java:32)
	at java.util.concurrent.ThreadPoolExecutor.runWorker(ThreadPoolExecutor.java:1149)
	at java.util.concurrent.ThreadPoolExecutor$Worker.run(ThreadPoolExecutor.java:624)
	at java.lang.Thread.run(Thread.java:748)

Last test to start was: connectViaHttpProxyToHttpsUsingProxyArgWithNoProxy(okhttp3.URLConnectionTest)
Feb 08, 2019 12:39:10 PM okhttp3.mockwebserver.MockWebServer$2 acceptConnections
INFO: MockWebServer[48183] done accepting connections: Socket closed
Feb 08, 2019 12:39:10 PM okhttp3.mockwebserver.MockWebServer$2 acceptConnections
INFO: MockWebServer[57907] done accepting connections: Socket closed
]]></system-err>
  </testcase>
  <testcase name="canSetNegativeChunkedStreamingMode" classname="okhttp3.URLConnectionTest" time="0.004"/>
  <testcase name="requestBodySurvivesRetriesWithBufferedBody" classname="okhttp3.URLConnectionTest" time="0.006"/>
  <testcase name="connectHttpViaSocketFactory" classname="okhttp3.URLConnectionTest" time="0.006"/>
  <testcase name="testNoSslFallback" classname="okhttp3.URLConnectionTest" time="0.011">
    <error message="state" type="java.lang.NoSuchFieldError">java.lang.NoSuchFieldError: state
	at okhttp3.URLConnectionTest.testNoSslFallback(URLConnectionTest.java:3393)
</error>
    <system-err><![CDATA[Feb 08, 2019 12:39:10 PM okhttp3.mockwebserver.MockWebServer$2 execute
INFO: MockWebServer[50177] starting to accept connections
Feb 08, 2019 12:39:10 PM okhttp3.mockwebserver.MockWebServer$2 execute
INFO: MockWebServer[38043] starting to accept connections
Uncaught exception in OkHttp thread "MockWebServer"
java.lang.NoSuchFieldError: state
	at sun.security.ssl.ClientHandshaker.processMessage(ClientHandshaker.java:138)
	at sun.security.ssl.Handshaker.processLoop(Handshaker.java:1037)
	at sun.security.ssl.Handshaker.process_record(Handshaker.java:965)
	at sun.security.ssl.SSLSocketImpl.readRecord(SSLSocketImpl.java:1064)
	at sun.security.ssl.SSLSocketImpl.performInitialHandshake(SSLSocketImpl.java:1367)
	at sun.security.ssl.SSLSocketImpl.startHandshake(SSLSocketImpl.java:1395)
	at sun.security.ssl.SSLSocketImpl.startHandshake(SSLSocketImpl.java:1379)
	at okhttp3.mockwebserver.MockWebServer.processHandshakeFailure(MockWebServer.java:568)
	at okhttp3.mockwebserver.MockWebServer.access$1000(MockWebServer.java:101)
	at okhttp3.mockwebserver.MockWebServer$3.processConnection(MockWebServer.java:428)
	at okhttp3.mockwebserver.MockWebServer$3.execute(MockWebServer.java:408)
	at okhttp3.internal.NamedRunnable.run(NamedRunnable.java:32)
	at java.util.concurrent.ThreadPoolExecutor.runWorker(ThreadPoolExecutor.java:1149)
	at java.util.concurrent.ThreadPoolExecutor$Worker.run(ThreadPoolExecutor.java:624)
	at java.lang.Thread.run(Thread.java:748)

Last test to start was: testNoSslFallback(okhttp3.URLConnectionTest)
Feb 08, 2019 12:39:10 PM okhttp3.mockwebserver.MockWebServer$2 acceptConnections
INFO: MockWebServer[38043] done accepting connections: Socket closed
Feb 08, 2019 12:39:10 PM okhttp3.mockwebserver.MockWebServer$2 acceptConnections
INFO: MockWebServer[50177] done accepting connections: Socket closed
]]></system-err>
  </testcase>
  <testcase name="notRedirectedFromHttpsToHttp" classname="okhttp3.URLConnectionTest" time="10.016">
    <error message="Read timed out" type="java.net.SocketTimeoutException">java.net.SocketTimeoutException: Read timed out
	at okhttp3.URLConnectionTest.notRedirectedFromHttpsToHttp(URLConnectionTest.java:2081)
</error>
    <system-err><![CDATA[Feb 08, 2019 12:39:10 PM okhttp3.mockwebserver.MockWebServer$2 execute
INFO: MockWebServer[39301] starting to accept connections
Feb 08, 2019 12:39:10 PM okhttp3.mockwebserver.MockWebServer$2 execute
INFO: MockWebServer[50569] starting to accept connections
Uncaught exception in OkHttp thread "MockWebServer"
java.lang.NoSuchFieldError: state
	at sun.security.ssl.ServerHandshaker.processMessage(ServerHandshaker.java:203)
	at sun.security.ssl.Handshaker.processLoop(Handshaker.java:1037)
	at sun.security.ssl.Handshaker.process_record(Handshaker.java:965)
	at sun.security.ssl.SSLSocketImpl.readRecord(SSLSocketImpl.java:1064)
	at sun.security.ssl.SSLSocketImpl.performInitialHandshake(SSLSocketImpl.java:1367)
	at sun.security.ssl.SSLSocketImpl.startHandshake(SSLSocketImpl.java:1395)
	at sun.security.ssl.SSLSocketImpl.startHandshake(SSLSocketImpl.java:1379)
	at okhttp3.mockwebserver.MockWebServer$3.processConnection(MockWebServer.java:441)
	at okhttp3.mockwebserver.MockWebServer$3.execute(MockWebServer.java:408)
	at okhttp3.internal.NamedRunnable.run(NamedRunnable.java:32)
	at java.util.concurrent.ThreadPoolExecutor.runWorker(ThreadPoolExecutor.java:1149)
	at java.util.concurrent.ThreadPoolExecutor$Worker.run(ThreadPoolExecutor.java:624)
	at java.lang.Thread.run(Thread.java:748)

Last test to start was: notRedirectedFromHttpsToHttp(okhttp3.URLConnectionTest)
Feb 08, 2019 12:39:20 PM okhttp3.mockwebserver.MockWebServer$2 acceptConnections
INFO: MockWebServer[50569] done accepting connections: Socket closed
Feb 08, 2019 12:39:20 PM okhttp3.mockwebserver.MockWebServer$2 acceptConnections
INFO: MockWebServer[39301] done accepting connections: Socket closed
]]></system-err>
  </testcase>
  <testcase name="emptyResponseHeaderNameIsLenient" classname="okhttp3.URLConnectionTest" time="0.006"/>
  <testcase name="gzipWithRedirectAndConnectionReuse" classname="okhttp3.URLConnectionTest" time="0.046"/>
  <testcase name="redirectedWithNoLengthHeaders" classname="okhttp3.URLConnectionTest" time="0.007"/>
  <testcase name="fullyBufferedPostIsTooShort" classname="okhttp3.URLConnectionTest" time="0.005"/>
  <testcase name="fixedLengthUpload_smallBuffers" classname="okhttp3.URLConnectionTest" time="0.048"/>
  <testcase name="bug2939" classname="okhttp3.URLConnectionTest" time="0.007"/>
  <testcase name="connectionCloseInResponse" classname="okhttp3.URLConnectionTest" time="0.011"/>
  <testcase name="instanceFollowsRedirects" classname="okhttp3.URLConnectionTest" time="0.002"/>
  <testcase name="authenticateWithFixedLengthStreaming" classname="okhttp3.URLConnectionTest" time="0.005"/>
  <testcase name="userAgentSystemPropertyIsNotAscii" classname="okhttp3.URLConnectionTest" time="0.004"/>
  <testcase name="writeTimeouts" classname="okhttp3.URLConnectionTest" time="0.507"/>
  <testcase name="zeroLengthPost_HTTP_2" classname="okhttp3.URLConnectionTest" time="10.009">
    <error message="Read timed out" type="java.net.SocketTimeoutException">java.net.SocketTimeoutException: Read timed out
</error>
    <system-err><![CDATA[Feb 08, 2019 12:39:20 PM okhttp3.mockwebserver.MockWebServer$2 execute
INFO: MockWebServer[44479] starting to accept connections
Feb 08, 2019 12:39:20 PM okhttp3.mockwebserver.MockWebServer$2 execute
INFO: MockWebServer[59879] starting to accept connections
Uncaught exception in OkHttp thread "MockWebServer"
java.lang.NoSuchFieldError: state
	at sun.security.ssl.ServerHandshaker.processMessage(ServerHandshaker.java:203)
	at sun.security.ssl.Handshaker.processLoop(Handshaker.java:1037)
	at sun.security.ssl.Handshaker.process_record(Handshaker.java:965)
	at sun.security.ssl.SSLSocketImpl.readRecord(SSLSocketImpl.java:1064)
	at sun.security.ssl.SSLSocketImpl.performInitialHandshake(SSLSocketImpl.java:1367)
	at sun.security.ssl.SSLSocketImpl.startHandshake(SSLSocketImpl.java:1395)
	at sun.security.ssl.SSLSocketImpl.startHandshake(SSLSocketImpl.java:1379)
	at okhttp3.mockwebserver.MockWebServer$3.processConnection(MockWebServer.java:441)
	at okhttp3.mockwebserver.MockWebServer$3.execute(MockWebServer.java:408)
	at okhttp3.internal.NamedRunnable.run(NamedRunnable.java:32)
	at java.util.concurrent.ThreadPoolExecutor.runWorker(ThreadPoolExecutor.java:1149)
	at java.util.concurrent.ThreadPoolExecutor$Worker.run(ThreadPoolExecutor.java:624)
	at java.lang.Thread.run(Thread.java:748)

Last test to start was: zeroLengthPost_HTTP_2(okhttp3.URLConnectionTest)
Feb 08, 2019 12:39:30 PM okhttp3.mockwebserver.MockWebServer$2 acceptConnections
INFO: MockWebServer[59879] done accepting connections: Socket closed
Feb 08, 2019 12:39:30 PM okhttp3.mockwebserver.MockWebServer$2 acceptConnections
INFO: MockWebServer[44479] done accepting connections: Socket closed
]]></system-err>
  </testcase>
  <testcase name="setChunkedStreamingMode" classname="okhttp3.URLConnectionTest" time="0.005"/>
  <testcase name="response307WithGet" classname="okhttp3.URLConnectionTest" time="0.046"/>
  <testcase name="serverSendsUnnecessaryWhitespace" classname="okhttp3.URLConnectionTest" time="0.006"/>
  <testcase name="getContentEncodingConnects" classname="okhttp3.URLConnectionTest" time="0.006"/>
  <testcase name="postEmptyBodyRetransmittedAfterAuthorizationFail" classname="okhttp3.URLConnectionTest" time="0.012"/>
  <testcase name="dnsFailureThrowsIOException" classname="okhttp3.URLConnectionTest" time="0.003"/>
  <testcase name="redirectedPostStripsRequestBodyHeaders" classname="okhttp3.URLConnectionTest" time="0.048"/>
  <testcase name="unexpectedExceptionSync" classname="okhttp3.URLConnectionTest" time="0.005"/>
  <testcase name="connectViaHttps" classname="okhttp3.URLConnectionTest" time="10.014">
    <error message="Read timed out" type="java.net.SocketTimeoutException">java.net.SocketTimeoutException: Read timed out
</error>
    <system-err><![CDATA[Feb 08, 2019 12:39:30 PM okhttp3.mockwebserver.MockWebServer$2 execute
INFO: MockWebServer[42943] starting to accept connections
Feb 08, 2019 12:39:30 PM okhttp3.mockwebserver.MockWebServer$2 execute
INFO: MockWebServer[38435] starting to accept connections
Uncaught exception in OkHttp thread "MockWebServer"
java.lang.NoSuchFieldError: state
	at sun.security.ssl.ServerHandshaker.processMessage(ServerHandshaker.java:203)
	at sun.security.ssl.Handshaker.processLoop(Handshaker.java:1037)
	at sun.security.ssl.Handshaker.process_record(Handshaker.java:965)
	at sun.security.ssl.SSLSocketImpl.readRecord(SSLSocketImpl.java:1064)
	at sun.security.ssl.SSLSocketImpl.performInitialHandshake(SSLSocketImpl.java:1367)
	at sun.security.ssl.SSLSocketImpl.startHandshake(SSLSocketImpl.java:1395)
	at sun.security.ssl.SSLSocketImpl.startHandshake(SSLSocketImpl.java:1379)
	at okhttp3.mockwebserver.MockWebServer$3.processConnection(MockWebServer.java:441)
	at okhttp3.mockwebserver.MockWebServer$3.execute(MockWebServer.java:408)
	at okhttp3.internal.NamedRunnable.run(NamedRunnable.java:32)
	at java.util.concurrent.ThreadPoolExecutor.runWorker(ThreadPoolExecutor.java:1149)
	at java.util.concurrent.ThreadPoolExecutor$Worker.run(ThreadPoolExecutor.java:624)
	at java.lang.Thread.run(Thread.java:748)

Last test to start was: connectViaHttps(okhttp3.URLConnectionTest)
Feb 08, 2019 12:39:40 PM okhttp3.mockwebserver.MockWebServer$2 acceptConnections
INFO: MockWebServer[38435] done accepting connections: Socket closed
Feb 08, 2019 12:39:40 PM okhttp3.mockwebserver.MockWebServer$2 acceptConnections
INFO: MockWebServer[42943] done accepting connections: Socket closed
]]></system-err>
  </testcase>
  <testcase name="callsNotManagedByDispatcher" classname="okhttp3.URLConnectionTest" time="0.006"/>
  <testcase name="urlRedirectToHostWithNul" classname="okhttp3.URLConnectionTest" time="0.011"/>
  <testcase name="getClientRequestTimeout" classname="okhttp3.URLConnectionTest" time="0.002"/>
  <testcase name="response301MovedPermanentlyWithPost" classname="okhttp3.URLConnectionTest" time="0.055"/>
  <testcase name="cannotSetChunkedStreamingModeAfterFixedLengthStreamingMode" classname="okhttp3.URLConnectionTest" time="0.001"/>
  <testcase name="transparentGzipWorksAfterExceptionRecovery" classname="okhttp3.URLConnectionTest" time="0.51"/>
  <testcase name="postRedirectToGetWithStreamedRequest" classname="okhttp3.URLConnectionTest" time="0.045"/>
  <testcase name="postFailsWithChunkedRequestForSmallRequest" classname="okhttp3.URLConnectionTest" time="0.511"/>
  <testcase name="allAttributesSetInServerAuthenticationCallbacks" classname="okhttp3.URLConnectionTest" time="0.003"/>
  <testcase name="getErrorStreamOnSuccessfulRequest" classname="okhttp3.URLConnectionTest" time="0.005"/>
  <testcase name="disconnectBeforeConnect" classname="okhttp3.URLConnectionTest" time="0.002"/>
  <testcase name="connectionsArePooled" classname="okhttp3.URLConnectionTest" time="0.091"/>
  <testcase name="readTimeouts" classname="okhttp3.URLConnectionTest" time="1.007"/>
  <testcase name="chunkedUpload_byteByByte" classname="okhttp3.URLConnectionTest" time="0.022"/>
  <testcase name="redirectedWithChunkedEncoding" classname="okhttp3.URLConnectionTest" time="0.053"/>
  <testcase name="urlWithSpaceInHost" classname="okhttp3.URLConnectionTest" time="0.003"/>
  <testcase name="setInvalidRequestMethodLowercase" classname="okhttp3.URLConnectionTest" time="0.003"/>
  <testcase name="fullyBufferedPostIsTooLong" classname="okhttp3.URLConnectionTest" time="0.003"/>
  <testcase name="redirectToAnotherOriginServer" classname="okhttp3.URLConnectionTest" time="0.051"/>
  <testcase name="authenticateRealmUppercase" classname="okhttp3.URLConnectionTest" time="0.047"/>
  <testcase name="postFailsWithBufferedRequestForSmallRequest" classname="okhttp3.URLConnectionTest" time="0.511"/>
  <testcase name="postBodyRetransmittedAfterAuthorizationFail_HTTP_2" classname="okhttp3.URLConnectionTest" time="10.018">
    <error message="Read timed out" type="java.net.SocketTimeoutException">java.net.SocketTimeoutException: Read timed out
	at okhttp3.URLConnectionTest.postBodyRetransmittedAfterAuthorizationFail(URLConnectionTest.java:1612)
	at okhttp3.URLConnectionTest.postBodyRetransmittedAfterAuthorizationFail_HTTP_2(URLConnectionTest.java:1585)
</error>
    <system-err><![CDATA[Feb 08, 2019 12:39:43 PM okhttp3.mockwebserver.MockWebServer$2 execute
INFO: MockWebServer[40859] starting to accept connections
Feb 08, 2019 12:39:43 PM okhttp3.mockwebserver.MockWebServer$2 execute
INFO: MockWebServer[50747] starting to accept connections
Uncaught exception in OkHttp thread "MockWebServer"
java.lang.NoSuchFieldError: state
	at sun.security.ssl.ServerHandshaker.processMessage(ServerHandshaker.java:203)
	at sun.security.ssl.Handshaker.processLoop(Handshaker.java:1037)
	at sun.security.ssl.Handshaker.process_record(Handshaker.java:965)
	at sun.security.ssl.SSLSocketImpl.readRecord(SSLSocketImpl.java:1064)
	at sun.security.ssl.SSLSocketImpl.performInitialHandshake(SSLSocketImpl.java:1367)
	at sun.security.ssl.SSLSocketImpl.startHandshake(SSLSocketImpl.java:1395)
	at sun.security.ssl.SSLSocketImpl.startHandshake(SSLSocketImpl.java:1379)
	at okhttp3.mockwebserver.MockWebServer$3.processConnection(MockWebServer.java:441)
	at okhttp3.mockwebserver.MockWebServer$3.execute(MockWebServer.java:408)
	at okhttp3.internal.NamedRunnable.run(NamedRunnable.java:32)
	at java.util.concurrent.ThreadPoolExecutor.runWorker(ThreadPoolExecutor.java:1149)
	at java.util.concurrent.ThreadPoolExecutor$Worker.run(ThreadPoolExecutor.java:624)
	at java.lang.Thread.run(Thread.java:748)

Last test to start was: postBodyRetransmittedAfterAuthorizationFail_HTTP_2(okhttp3.URLConnectionTest)
Feb 08, 2019 12:39:53 PM okhttp3.mockwebserver.MockWebServer$2 acceptConnections
INFO: MockWebServer[50747] done accepting connections: Socket closed
Feb 08, 2019 12:39:53 PM okhttp3.mockwebserver.MockWebServer$2 acceptConnections
INFO: MockWebServer[40859] done accepting connections: Socket closed
]]></system-err>
  </testcase>
  <testcase name="inputStreamAvailableWithContentLengthHeader" classname="okhttp3.URLConnectionTest" time="0.01"/>
  <testcase name="setProtocols" classname="okhttp3.URLConnectionTest" time="0.005"/>
  <testcase name="contentDisagreesWithChunkedHeaderBodyTooShort" classname="okhttp3.URLConnectionTest" time="0.005"/>
  <testcase name="connectionCloseInRequest" classname="okhttp3.URLConnectionTest" time="0.006"/>
  <testcase name="response307WithOptions" classname="okhttp3.URLConnectionTest" time="0.005"/>
  <testcase name="bodyPermittedOnDelete" classname="okhttp3.URLConnectionTest" time="0.004"/>
  <testcase name="connectViaHttpsReusingConnections" classname="okhttp3.URLConnectionTest" time="10.007">
    <error message="Read timed out" type="java.net.SocketTimeoutException">java.net.SocketTimeoutException: Read timed out
</error>
    <system-err><![CDATA[Feb 08, 2019 12:39:53 PM okhttp3.mockwebserver.MockWebServer$2 execute
INFO: MockWebServer[39781] starting to accept connections
Feb 08, 2019 12:39:53 PM okhttp3.mockwebserver.MockWebServer$2 execute
INFO: MockWebServer[57939] starting to accept connections
Uncaught exception in OkHttp thread "MockWebServer"
java.lang.NoSuchFieldError: state
	at sun.security.ssl.ServerHandshaker.processMessage(ServerHandshaker.java:203)
	at sun.security.ssl.Handshaker.processLoop(Handshaker.java:1037)
	at sun.security.ssl.Handshaker.process_record(Handshaker.java:965)
	at sun.security.ssl.SSLSocketImpl.readRecord(SSLSocketImpl.java:1064)
	at sun.security.ssl.SSLSocketImpl.performInitialHandshake(SSLSocketImpl.java:1367)
	at sun.security.ssl.SSLSocketImpl.startHandshake(SSLSocketImpl.java:1395)
	at sun.security.ssl.SSLSocketImpl.startHandshake(SSLSocketImpl.java:1379)
	at okhttp3.mockwebserver.MockWebServer$3.processConnection(MockWebServer.java:441)
	at okhttp3.mockwebserver.MockWebServer$3.execute(MockWebServer.java:408)
	at okhttp3.internal.NamedRunnable.run(NamedRunnable.java:32)
	at java.util.concurrent.ThreadPoolExecutor.runWorker(ThreadPoolExecutor.java:1149)
	at java.util.concurrent.ThreadPoolExecutor$Worker.run(ThreadPoolExecutor.java:624)
	at java.lang.Thread.run(Thread.java:748)

Last test to start was: connectViaHttpsReusingConnections(okhttp3.URLConnectionTest)
Feb 08, 2019 12:40:03 PM okhttp3.mockwebserver.MockWebServer$2 acceptConnections
INFO: MockWebServer[57939] done accepting connections: Socket closed
Feb 08, 2019 12:40:03 PM okhttp3.mockwebserver.MockWebServer$2 acceptConnections
INFO: MockWebServer[39781] done accepting connections: Socket closed
]]></system-err>
  </testcase>
  <testcase name="getOutputStreamOnGetFails" classname="okhttp3.URLConnectionTest" time="0.005"/>
  <testcase name="earlyDisconnectDoesntHarmPoolingWithFixedLengthEncoding" classname="okhttp3.URLConnectionTest" time="0.049"/>
  <testcase name="unauthorizedResponseHandling" classname="okhttp3.URLConnectionTest" time="0.002"/>
  <testcase name="bufferedBodyWithClientRequestTimeout" classname="okhttp3.URLConnectionTest" time="0.004"/>
  <testcase name="response308WithOptions" classname="okhttp3.URLConnectionTest" time="0.001"/>
  <testcase name="authenticateWithCharset" classname="okhttp3.URLConnectionTest" time="0.089"/>
  <testcase name="clientConfiguredCustomContentEncoding" classname="okhttp3.URLConnectionTest" time="0.002"/>
  <testcase name="cannotSetNegativeFixedLengthStreamingMode" classname="okhttp3.URLConnectionTest" time="0.002"/>
  <testcase name="response303SeeOtherWithPost" classname="okhttp3.URLConnectionTest" time="0.045"/>
  <testcase name="connectViaHttpsWithSSLFallback" classname="okhttp3.URLConnectionTest" time="0.011">
    <error message="state" type="java.lang.NoSuchFieldError">java.lang.NoSuchFieldError: state
</error>
    <system-err><![CDATA[Feb 08, 2019 12:40:04 PM okhttp3.mockwebserver.MockWebServer$2 execute
INFO: MockWebServer[42575] starting to accept connections
Feb 08, 2019 12:40:04 PM okhttp3.mockwebserver.MockWebServer$2 execute
INFO: MockWebServer[51669] starting to accept connections
Feb 08, 2019 12:40:04 PM okhttp3.mockwebserver.MockWebServer$2 acceptConnections
INFO: MockWebServer[51669] done accepting connections: Socket closed
Uncaught exception in OkHttp thread "MockWebServer"
java.lang.NoSuchFieldError: state
	at sun.security.ssl.ClientHandshaker.processMessage(ClientHandshaker.java:138)
	at sun.security.ssl.Handshaker.processLoop(Handshaker.java:1037)
	at sun.security.ssl.Handshaker.process_record(Handshaker.java:965)
	at sun.security.ssl.SSLSocketImpl.readRecord(SSLSocketImpl.java:1064)
	at sun.security.ssl.SSLSocketImpl.performInitialHandshake(SSLSocketImpl.java:1367)
	at sun.security.ssl.SSLSocketImpl.startHandshake(SSLSocketImpl.java:1395)
	at sun.security.ssl.SSLSocketImpl.startHandshake(SSLSocketImpl.java:1379)
	at okhttp3.mockwebserver.MockWebServer.processHandshakeFailure(MockWebServer.java:568)
	at okhttp3.mockwebserver.MockWebServer.access$1000(MockWebServer.java:101)
	at okhttp3.mockwebserver.MockWebServer$3.processConnection(MockWebServer.java:428)
	at okhttp3.mockwebserver.MockWebServer$3.execute(MockWebServer.java:408)
	at okhttp3.internal.NamedRunnable.run(NamedRunnable.java:32)
	at java.util.concurrent.ThreadPoolExecutor.runWorker(ThreadPoolExecutor.java:1149)
	at java.util.concurrent.ThreadPoolExecutor$Worker.run(ThreadPoolExecutor.java:624)
	at java.lang.Thread.run(Thread.java:748)

Last test to start was: connectViaHttpsWithSSLFallback(okhttp3.URLConnectionTest)
Feb 08, 2019 12:40:04 PM okhttp3.mockwebserver.MockWebServer$2 acceptConnections
INFO: MockWebServer[42575] done accepting connections: Socket closed
]]></system-err>
  </testcase>
  <testcase name="chunkedUpload_smallBuffers" classname="okhttp3.URLConnectionTest" time="0.003"/>
  <testcase name="authenticateNoConnection" classname="okhttp3.URLConnectionTest" time="0.002"/>
  <testcase name="connectViaHttpsToUntrustedServer" classname="okhttp3.URLConnectionTest" time="10.017">
    <error message="Read timed out" type="java.net.SocketTimeoutException">java.net.SocketTimeoutException: Read timed out
	at okhttp3.URLConnectionTest.connectViaHttpsToUntrustedServer(URLConnectionTest.java:775)
</error>
    <system-err><![CDATA[Feb 08, 2019 12:40:04 PM okhttp3.mockwebserver.MockWebServer$2 execute
INFO: MockWebServer[49601] starting to accept connections
Feb 08, 2019 12:40:04 PM okhttp3.mockwebserver.MockWebServer$2 execute
INFO: MockWebServer[45223] starting to accept connections
Uncaught exception in OkHttp thread "MockWebServer"
java.lang.NoSuchFieldError: state
	at sun.security.ssl.ServerHandshaker.processMessage(ServerHandshaker.java:203)
	at sun.security.ssl.Handshaker.processLoop(Handshaker.java:1037)
	at sun.security.ssl.Handshaker.process_record(Handshaker.java:965)
	at sun.security.ssl.SSLSocketImpl.readRecord(SSLSocketImpl.java:1064)
	at sun.security.ssl.SSLSocketImpl.performInitialHandshake(SSLSocketImpl.java:1367)
	at sun.security.ssl.SSLSocketImpl.startHandshake(SSLSocketImpl.java:1395)
	at sun.security.ssl.SSLSocketImpl.startHandshake(SSLSocketImpl.java:1379)
	at okhttp3.mockwebserver.MockWebServer$3.processConnection(MockWebServer.java:441)
	at okhttp3.mockwebserver.MockWebServer$3.execute(MockWebServer.java:408)
	at okhttp3.internal.NamedRunnable.run(NamedRunnable.java:32)
	at java.util.concurrent.ThreadPoolExecutor.runWorker(ThreadPoolExecutor.java:1149)
	at java.util.concurrent.ThreadPoolExecutor$Worker.run(ThreadPoolExecutor.java:624)
	at java.lang.Thread.run(Thread.java:748)

Last test to start was: connectViaHttpsToUntrustedServer(okhttp3.URLConnectionTest)
Feb 08, 2019 12:40:14 PM okhttp3.mockwebserver.MockWebServer$2 acceptConnections
INFO: MockWebServer[45223] done accepting connections: Socket closed
Feb 08, 2019 12:40:14 PM okhttp3.mockwebserver.MockWebServer$2 acceptConnections
INFO: MockWebServer[49601] done accepting connections: Socket closed
]]></system-err>
  </testcase>
  <testcase name="setInvalidRequestMethodConnect" classname="okhttp3.URLConnectionTest" time="0.004"/>
  <testcase name="serverShutdownOutput" classname="okhttp3.URLConnectionTest" time="0.51"/>
  <testcase name="responseHeaders" classname="okhttp3.URLConnectionTest" time="0.005"/>
  <testcase name="redirectedOnHttps" classname="okhttp3.URLConnectionTest" time="10.017">
    <error message="Read timed out" type="java.net.SocketTimeoutException">java.net.SocketTimeoutException: Read timed out
	at okhttp3.URLConnectionTest.redirectedOnHttps(URLConnectionTest.java:2060)
</error>
    <system-err><![CDATA[Feb 08, 2019 12:40:14 PM okhttp3.mockwebserver.MockWebServer$2 execute
INFO: MockWebServer[48759] starting to accept connections
Feb 08, 2019 12:40:14 PM okhttp3.mockwebserver.MockWebServer$2 execute
INFO: MockWebServer[58547] starting to accept connections
Uncaught exception in OkHttp thread "MockWebServer"
java.lang.NoSuchFieldError: state
	at sun.security.ssl.ServerHandshaker.processMessage(ServerHandshaker.java:203)
	at sun.security.ssl.Handshaker.processLoop(Handshaker.java:1037)
	at sun.security.ssl.Handshaker.process_record(Handshaker.java:965)
	at sun.security.ssl.SSLSocketImpl.readRecord(SSLSocketImpl.java:1064)
	at sun.security.ssl.SSLSocketImpl.performInitialHandshake(SSLSocketImpl.java:1367)
	at sun.security.ssl.SSLSocketImpl.startHandshake(SSLSocketImpl.java:1395)
	at sun.security.ssl.SSLSocketImpl.startHandshake(SSLSocketImpl.java:1379)
	at okhttp3.mockwebserver.MockWebServer$3.processConnection(MockWebServer.java:441)
	at okhttp3.mockwebserver.MockWebServer$3.execute(MockWebServer.java:408)
	at okhttp3.internal.NamedRunnable.run(NamedRunnable.java:32)
	at java.util.concurrent.ThreadPoolExecutor.runWorker(ThreadPoolExecutor.java:1149)
	at java.util.concurrent.ThreadPoolExecutor$Worker.run(ThreadPoolExecutor.java:624)
	at java.lang.Thread.run(Thread.java:748)

Last test to start was: redirectedOnHttps(okhttp3.URLConnectionTest)
Feb 08, 2019 12:40:24 PM okhttp3.mockwebserver.MockWebServer$2 acceptConnections
INFO: MockWebServer[58547] done accepting connections: Socket closed
Feb 08, 2019 12:40:24 PM okhttp3.mockwebserver.MockWebServer$2 acceptConnections
INFO: MockWebServer[48759] done accepting connections: Socket closed
]]></system-err>
  </testcase>
  <testcase name="connectViaHttpsWithSSLFallbackFailuresRecorded" classname="okhttp3.URLConnectionTest" time="0.008">
    <error message="state" type="java.lang.NoSuchFieldError">java.lang.NoSuchFieldError: state
	at okhttp3.URLConnectionTest.connectViaHttpsWithSSLFallbackFailuresRecorded(URLConnectionTest.java:722)
</error>
    <system-err><![CDATA[Feb 08, 2019 12:40:24 PM okhttp3.mockwebserver.MockWebServer$2 execute
INFO: MockWebServer[40253] starting to accept connections
Feb 08, 2019 12:40:24 PM okhttp3.mockwebserver.MockWebServer$2 execute
INFO: MockWebServer[42927] starting to accept connections
Uncaught exception in OkHttp thread "MockWebServer"
java.lang.NoSuchFieldError: state
	at sun.security.ssl.ClientHandshaker.processMessage(ClientHandshaker.java:138)
	at sun.security.ssl.Handshaker.processLoop(Handshaker.java:1037)
	at sun.security.ssl.Handshaker.process_record(Handshaker.java:965)
	at sun.security.ssl.SSLSocketImpl.readRecord(SSLSocketImpl.java:1064)
	at sun.security.ssl.SSLSocketImpl.performInitialHandshake(SSLSocketImpl.java:1367)
	at sun.security.ssl.SSLSocketImpl.startHandshake(SSLSocketImpl.java:1395)
	at sun.security.ssl.SSLSocketImpl.startHandshake(SSLSocketImpl.java:1379)
	at okhttp3.mockwebserver.MockWebServer.processHandshakeFailure(MockWebServer.java:568)
	at okhttp3.mockwebserver.MockWebServer.access$1000(MockWebServer.java:101)
	at okhttp3.mockwebserver.MockWebServer$3.processConnection(MockWebServer.java:428)
	at okhttp3.mockwebserver.MockWebServer$3.execute(MockWebServer.java:408)
	at okhttp3.internal.NamedRunnable.run(NamedRunnable.java:32)
	at java.util.concurrent.ThreadPoolExecutor.runWorker(ThreadPoolExecutor.java:1149)
	at java.util.concurrent.ThreadPoolExecutor$Worker.run(ThreadPoolExecutor.java:624)
	at java.lang.Thread.run(Thread.java:748)

Last test to start was: connectViaHttpsWithSSLFallbackFailuresRecorded(okhttp3.URLConnectionTest)
Feb 08, 2019 12:40:24 PM okhttp3.mockwebserver.MockWebServer$2 acceptConnections
INFO: MockWebServer[42927] done accepting connections: Socket closed
Feb 08, 2019 12:40:24 PM okhttp3.mockwebserver.MockWebServer$2 acceptConnections
INFO: MockWebServer[40253] done accepting connections: Socket closed
]]></system-err>
  </testcase>
  <testcase name="responseHeaderParsingIsLenient" classname="okhttp3.URLConnectionTest" time="0.002"/>
  <testcase name="fixedLengthUpload_largeBuffers" classname="okhttp3.URLConnectionTest" time="0.004"/>
  <testcase name="singleByteReadIsSigned" classname="okhttp3.URLConnectionTest" time="0.004"/>
  <testcase name="proxyConnectIncludesProxyHeadersOnly" classname="okhttp3.URLConnectionTest" time="10.009">
    <error message="Read timed out" type="java.net.SocketTimeoutException">java.net.SocketTimeoutException: Read timed out
</error>
    <system-err><![CDATA[Feb 08, 2019 12:40:24 PM okhttp3.mockwebserver.MockWebServer$2 execute
INFO: MockWebServer[38351] starting to accept connections
Feb 08, 2019 12:40:24 PM okhttp3.mockwebserver.MockWebServer$2 execute
INFO: MockWebServer[60507] starting to accept connections
Feb 08, 2019 12:40:24 PM okhttp3.mockwebserver.MockWebServer$3 processOneRequest
INFO: MockWebServer[60507] received request: CONNECT android.com:443 HTTP/1.1 and responded: HTTP/1.1 200 OK
Uncaught exception in OkHttp thread "MockWebServer"
java.lang.NoSuchFieldError: state
	at sun.security.ssl.ServerHandshaker.processMessage(ServerHandshaker.java:203)
	at sun.security.ssl.Handshaker.processLoop(Handshaker.java:1037)
	at sun.security.ssl.Handshaker.process_record(Handshaker.java:965)
	at sun.security.ssl.SSLSocketImpl.readRecord(SSLSocketImpl.java:1064)
	at sun.security.ssl.SSLSocketImpl.performInitialHandshake(SSLSocketImpl.java:1367)
	at sun.security.ssl.SSLSocketImpl.startHandshake(SSLSocketImpl.java:1395)
	at sun.security.ssl.SSLSocketImpl.startHandshake(SSLSocketImpl.java:1379)
	at okhttp3.mockwebserver.MockWebServer$3.processConnection(MockWebServer.java:441)
	at okhttp3.mockwebserver.MockWebServer$3.execute(MockWebServer.java:408)
	at okhttp3.internal.NamedRunnable.run(NamedRunnable.java:32)
	at java.util.concurrent.ThreadPoolExecutor.runWorker(ThreadPoolExecutor.java:1149)
	at java.util.concurrent.ThreadPoolExecutor$Worker.run(ThreadPoolExecutor.java:624)
	at java.lang.Thread.run(Thread.java:748)

Last test to start was: proxyConnectIncludesProxyHeadersOnly(okhttp3.URLConnectionTest)
Feb 08, 2019 12:40:34 PM okhttp3.mockwebserver.MockWebServer$2 acceptConnections
INFO: MockWebServer[60507] done accepting connections: Socket closed
Feb 08, 2019 12:40:34 PM okhttp3.mockwebserver.MockWebServer$2 acceptConnections
INFO: MockWebServer[38351] done accepting connections: Socket closed
]]></system-err>
  </testcase>
  <testcase name="postBodiesRetransmittedOnIpAddressProblems" classname="okhttp3.URLConnectionTest" time="0">
    <skipped/>
  </testcase>
  <testcase name="postFailsWithFixedLengthRequestForSmallRequest" classname="okhttp3.URLConnectionTest" time="0.506"/>
  <testcase name="serverSendsInvalidCodeTooLarge" classname="okhttp3.URLConnectionTest" time="0.008"/>
  <testcase name="response305UseProxy" classname="okhttp3.URLConnectionTest" time="0.005"/>
  <testcase name="secureChunkedStreaming" classname="okhttp3.URLConnectionTest" time="10.017">
    <error message="Read timed out" type="java.net.SocketTimeoutException">java.net.SocketTimeoutException: Read timed out
</error>
    <system-err><![CDATA[Feb 08, 2019 12:40:35 PM okhttp3.mockwebserver.MockWebServer$2 execute
INFO: MockWebServer[34869] starting to accept connections
Feb 08, 2019 12:40:35 PM okhttp3.mockwebserver.MockWebServer$2 execute
INFO: MockWebServer[50609] starting to accept connections
Uncaught exception in OkHttp thread "MockWebServer"
java.lang.NoSuchFieldError: state
	at sun.security.ssl.ServerHandshaker.processMessage(ServerHandshaker.java:203)
	at sun.security.ssl.Handshaker.processLoop(Handshaker.java:1037)
	at sun.security.ssl.Handshaker.process_record(Handshaker.java:965)
	at sun.security.ssl.SSLSocketImpl.readRecord(SSLSocketImpl.java:1064)
	at sun.security.ssl.SSLSocketImpl.performInitialHandshake(SSLSocketImpl.java:1367)
	at sun.security.ssl.SSLSocketImpl.startHandshake(SSLSocketImpl.java:1395)
	at sun.security.ssl.SSLSocketImpl.startHandshake(SSLSocketImpl.java:1379)
	at okhttp3.mockwebserver.MockWebServer$3.processConnection(MockWebServer.java:441)
	at okhttp3.mockwebserver.MockWebServer$3.execute(MockWebServer.java:408)
	at okhttp3.internal.NamedRunnable.run(NamedRunnable.java:32)
	at java.util.concurrent.ThreadPoolExecutor.runWorker(ThreadPoolExecutor.java:1149)
	at java.util.concurrent.ThreadPoolExecutor$Worker.run(ThreadPoolExecutor.java:624)
	at java.lang.Thread.run(Thread.java:748)

Last test to start was: secureChunkedStreaming(okhttp3.URLConnectionTest)
Feb 08, 2019 12:40:45 PM okhttp3.mockwebserver.MockWebServer$2 acceptConnections
INFO: MockWebServer[50609] done accepting connections: Socket closed
Feb 08, 2019 12:40:45 PM okhttp3.mockwebserver.MockWebServer$2 acceptConnections
INFO: MockWebServer[34869] done accepting connections: Socket closed
]]></system-err>
  </testcase>
  <testcase name="readAfterLastByte" classname="okhttp3.URLConnectionTest" time="0.004"/>
  <testcase name="serverShutdownInput" classname="okhttp3.URLConnectionTest" time="0.508"/>
  <testcase name="inputStreamAvailableWithNoLengthHeaders" classname="okhttp3.URLConnectionTest" time="0.002"/>
  <testcase name="zeroLengthPut" classname="okhttp3.URLConnectionTest" time="0.005"/>
  <testcase name="response307WithHead" classname="okhttp3.URLConnectionTest" time="0.004"/>
  <testcase name="response307WithPost" classname="okhttp3.URLConnectionTest" time="0.002"/>
  <testcase name="customTokenAuthenticator" classname="okhttp3.URLConnectionTest" time="0.046"/>
  <testcase name="response302MovedTemporarilyWithPost" classname="okhttp3.URLConnectionTest" time="0.048"/>
  <testcase name="authenticateWithChunkedStreaming" classname="okhttp3.URLConnectionTest" time="0.003"/>
  <testcase name="postBodyRetransmittedAfterAuthorizationFail" classname="okhttp3.URLConnectionTest" time="0.005"/>
  <testcase name="nonHexChunkSize" classname="okhttp3.URLConnectionTest" time="0.002"/>
  <testcase name="streamedBodyWithClientRequestTimeout" classname="okhttp3.URLConnectionTest" time="0.003"/>
  <testcase name="requestBodySurvivesRetriesWithChunkedStreaming" classname="okhttp3.URLConnectionTest" time="0.003"/>
  <testcase name="interceptorsNotInvoked" classname="okhttp3.URLConnectionTest" time="0.008"/>
  <testcase name="getContentLengthConnects" classname="okhttp3.URLConnectionTest" time="0.013"/>
  <testcase name="connectViaProxyUsingProxySystemProperty" classname="okhttp3.URLConnectionTest" time="0.005"/>
  <testcase name="postFailsWithChunkedRequestForLargeRequest" classname="okhttp3.URLConnectionTest" time="0.512"/>
  <testcase name="veryLargeFixedLengthRequest" classname="okhttp3.URLConnectionTest" time="1.433"/>
  <testcase name="zeroLengthPost" classname="okhttp3.URLConnectionTest" time="0.001"/>
  <testcase name="unspecifiedRequestBodyContentTypeGetsDefault" classname="okhttp3.URLConnectionTest" time="0.002"/>
  <testcase name="getContent" classname="okhttp3.URLConnectionTest" time="0.002"/>
  <testcase name="setProtocolsWithoutHttp11" classname="okhttp3.URLConnectionTest" time="0.001"/>
  <testcase name="secureFixedLengthStreaming" classname="okhttp3.URLConnectionTest" time="10.016">
    <error message="Read timed out" type="java.net.SocketTimeoutException">java.net.SocketTimeoutException: Read timed out
</error>
    <system-err><![CDATA[Feb 08, 2019 12:40:47 PM okhttp3.mockwebserver.MockWebServer$2 execute
INFO: MockWebServer[40833] starting to accept connections
Feb 08, 2019 12:40:47 PM okhttp3.mockwebserver.MockWebServer$2 execute
INFO: MockWebServer[34737] starting to accept connections
Uncaught exception in OkHttp thread "MockWebServer"
java.lang.NoSuchFieldError: state
	at sun.security.ssl.ServerHandshaker.processMessage(ServerHandshaker.java:203)
	at sun.security.ssl.Handshaker.processLoop(Handshaker.java:1037)
	at sun.security.ssl.Handshaker.process_record(Handshaker.java:965)
	at sun.security.ssl.SSLSocketImpl.readRecord(SSLSocketImpl.java:1064)
	at sun.security.ssl.SSLSocketImpl.performInitialHandshake(SSLSocketImpl.java:1367)
	at sun.security.ssl.SSLSocketImpl.startHandshake(SSLSocketImpl.java:1395)
	at sun.security.ssl.SSLSocketImpl.startHandshake(SSLSocketImpl.java:1379)
	at okhttp3.mockwebserver.MockWebServer$3.processConnection(MockWebServer.java:441)
	at okhttp3.mockwebserver.MockWebServer$3.execute(MockWebServer.java:408)
	at okhttp3.internal.NamedRunnable.run(NamedRunnable.java:32)
	at java.util.concurrent.ThreadPoolExecutor.runWorker(ThreadPoolExecutor.java:1149)
	at java.util.concurrent.ThreadPoolExecutor$Worker.run(ThreadPoolExecutor.java:624)
	at java.lang.Thread.run(Thread.java:748)

Last test to start was: secureFixedLengthStreaming(okhttp3.URLConnectionTest)
Feb 08, 2019 12:40:57 PM okhttp3.mockwebserver.MockWebServer$2 acceptConnections
INFO: MockWebServer[34737] done accepting connections: Socket closed
Feb 08, 2019 12:40:57 PM okhttp3.mockwebserver.MockWebServer$2 acceptConnections
INFO: MockWebServer[40833] done accepting connections: Socket closed
]]></system-err>
  </testcase>
  <testcase name="connectViaHttpProxyToHttpsUsingProxySystemProperty" classname="okhttp3.URLConnectionTest" time="10.013">
    <error message="Read timed out" type="java.net.SocketTimeoutException">java.net.SocketTimeoutException: Read timed out
</error>
    <system-err><![CDATA[Feb 08, 2019 12:40:57 PM okhttp3.mockwebserver.MockWebServer$2 execute
INFO: MockWebServer[37353] starting to accept connections
Feb 08, 2019 12:40:57 PM okhttp3.mockwebserver.MockWebServer$2 execute
INFO: MockWebServer[56023] starting to accept connections
Feb 08, 2019 12:40:57 PM okhttp3.mockwebserver.MockWebServer$3 processOneRequest
INFO: MockWebServer[56023] received request: CONNECT android.com:443 HTTP/1.1 and responded: HTTP/1.1 200 OK
Uncaught exception in OkHttp thread "MockWebServer"
java.lang.NoSuchFieldError: state
	at sun.security.ssl.ServerHandshaker.processMessage(ServerHandshaker.java:203)
	at sun.security.ssl.Handshaker.processLoop(Handshaker.java:1037)
	at sun.security.ssl.Handshaker.process_record(Handshaker.java:965)
	at sun.security.ssl.SSLSocketImpl.readRecord(SSLSocketImpl.java:1064)
	at sun.security.ssl.SSLSocketImpl.performInitialHandshake(SSLSocketImpl.java:1367)
	at sun.security.ssl.SSLSocketImpl.startHandshake(SSLSocketImpl.java:1395)
	at sun.security.ssl.SSLSocketImpl.startHandshake(SSLSocketImpl.java:1379)
	at okhttp3.mockwebserver.MockWebServer$3.processConnection(MockWebServer.java:441)
	at okhttp3.mockwebserver.MockWebServer$3.execute(MockWebServer.java:408)
	at okhttp3.internal.NamedRunnable.run(NamedRunnable.java:32)
	at java.util.concurrent.ThreadPoolExecutor.runWorker(ThreadPoolExecutor.java:1149)
	at java.util.concurrent.ThreadPoolExecutor$Worker.run(ThreadPoolExecutor.java:624)
	at java.lang.Thread.run(Thread.java:748)

Last test to start was: connectViaHttpProxyToHttpsUsingProxySystemProperty(okhttp3.URLConnectionTest)
Feb 08, 2019 12:41:07 PM okhttp3.mockwebserver.MockWebServer$2 acceptConnections
INFO: MockWebServer[56023] done accepting connections: Socket closed
Feb 08, 2019 12:41:07 PM okhttp3.mockwebserver.MockWebServer$2 acceptConnections
INFO: MockWebServer[37353] done accepting connections: Socket closed
]]></system-err>
  </testcase>
  <testcase name="disconnectedConnection" classname="okhttp3.URLConnectionTest" time="0.109"/>
  <testcase name="inspectHandshakeThroughoutRequestLifecycle" classname="okhttp3.URLConnectionTest" time="10.012">
    <error message="Read timed out" type="java.net.SocketTimeoutException">java.net.SocketTimeoutException: Read timed out
</error>
    <system-err><![CDATA[Feb 08, 2019 12:41:07 PM okhttp3.mockwebserver.MockWebServer$2 execute
INFO: MockWebServer[57823] starting to accept connections
Feb 08, 2019 12:41:07 PM okhttp3.mockwebserver.MockWebServer$2 execute
INFO: MockWebServer[51721] starting to accept connections
Uncaught exception in OkHttp thread "MockWebServer"
java.lang.NoSuchFieldError: state
	at sun.security.ssl.ServerHandshaker.processMessage(ServerHandshaker.java:203)
	at sun.security.ssl.Handshaker.processLoop(Handshaker.java:1037)
	at sun.security.ssl.Handshaker.process_record(Handshaker.java:965)
	at sun.security.ssl.SSLSocketImpl.readRecord(SSLSocketImpl.java:1064)
	at sun.security.ssl.SSLSocketImpl.performInitialHandshake(SSLSocketImpl.java:1367)
	at sun.security.ssl.SSLSocketImpl.startHandshake(SSLSocketImpl.java:1395)
	at sun.security.ssl.SSLSocketImpl.startHandshake(SSLSocketImpl.java:1379)
	at okhttp3.mockwebserver.MockWebServer$3.processConnection(MockWebServer.java:441)
	at okhttp3.mockwebserver.MockWebServer$3.execute(MockWebServer.java:408)
	at okhttp3.internal.NamedRunnable.run(NamedRunnable.java:32)
	at java.util.concurrent.ThreadPoolExecutor.runWorker(ThreadPoolExecutor.java:1149)
	at java.util.concurrent.ThreadPoolExecutor$Worker.run(ThreadPoolExecutor.java:624)
	at java.lang.Thread.run(Thread.java:748)

Last test to start was: inspectHandshakeThroughoutRequestLifecycle(okhttp3.URLConnectionTest)
Feb 08, 2019 12:41:17 PM okhttp3.mockwebserver.MockWebServer$2 acceptConnections
INFO: MockWebServer[51721] done accepting connections: Socket closed
Feb 08, 2019 12:41:17 PM okhttp3.mockwebserver.MockWebServer$2 acceptConnections
INFO: MockWebServer[57823] done accepting connections: Socket closed
]]></system-err>
  </testcase>
  <testcase name="getRequestPropertyReturnsLastValue" classname="okhttp3.URLConnectionTest" time="0.003"/>
  <testcase name="userAgentPicksUpHttpAgentSystemProperty" classname="okhttp3.URLConnectionTest" time="0.009"/>
  <testcase name="connectViaHttpsReusingConnectionsDifferentFactories" classname="okhttp3.URLConnectionTest" time="10.017">
    <error message="Read timed out" type="java.net.SocketTimeoutException">java.net.SocketTimeoutException: Read timed out
</error>
    <system-err><![CDATA[Feb 08, 2019 12:41:18 PM okhttp3.mockwebserver.MockWebServer$2 execute
INFO: MockWebServer[44145] starting to accept connections
Feb 08, 2019 12:41:18 PM okhttp3.mockwebserver.MockWebServer$2 execute
INFO: MockWebServer[53971] starting to accept connections
Uncaught exception in OkHttp thread "MockWebServer"
java.lang.NoSuchFieldError: state
	at sun.security.ssl.ServerHandshaker.processMessage(ServerHandshaker.java:203)
	at sun.security.ssl.Handshaker.processLoop(Handshaker.java:1037)
	at sun.security.ssl.Handshaker.process_record(Handshaker.java:965)
	at sun.security.ssl.SSLSocketImpl.readRecord(SSLSocketImpl.java:1064)
	at sun.security.ssl.SSLSocketImpl.performInitialHandshake(SSLSocketImpl.java:1367)
	at sun.security.ssl.SSLSocketImpl.startHandshake(SSLSocketImpl.java:1395)
	at sun.security.ssl.SSLSocketImpl.startHandshake(SSLSocketImpl.java:1379)
	at okhttp3.mockwebserver.MockWebServer$3.processConnection(MockWebServer.java:441)
	at okhttp3.mockwebserver.MockWebServer$3.execute(MockWebServer.java:408)
	at okhttp3.internal.NamedRunnable.run(NamedRunnable.java:32)
	at java.util.concurrent.ThreadPoolExecutor.runWorker(ThreadPoolExecutor.java:1149)
	at java.util.concurrent.ThreadPoolExecutor$Worker.run(ThreadPoolExecutor.java:624)
	at java.lang.Thread.run(Thread.java:748)

Last test to start was: connectViaHttpsReusingConnectionsDifferentFactories(okhttp3.URLConnectionTest)
Feb 08, 2019 12:41:28 PM okhttp3.mockwebserver.MockWebServer$2 acceptConnections
INFO: MockWebServer[53971] done accepting connections: Socket closed
Feb 08, 2019 12:41:28 PM okhttp3.mockwebserver.MockWebServer$2 acceptConnections
INFO: MockWebServer[44145] done accepting connections: Socket closed
]]></system-err>
  </testcase>
</testsuite>