<?xml version="1.0" encoding="UTF-8"?>
<testsuite xmlns:xsi="http://www.w3.org/2001/XMLSchema-instance" xsi:noNamespaceSchemaLocation="https://maven.apache.org/surefire/maven-surefire-plugin/xsd/surefire-test-report.xsd" name="okhttp3.internal.ws.WebSocketHttpTest" time="7.416" tests="37" errors="0" skipped="1" failures="2">
  <properties>
[...]
</properties>
  <testcase name="throwingOnFailLogs" classname="okhttp3.internal.ws.WebSocketHttpTest" time="0">
    <skipped message="AsyncCall currently lets runtime exceptions propagate."/>
  </testcase>
  <testcase name="non101RetainsBody" classname="okhttp3.internal.ws.WebSocketHttpTest" time="0.003"/>
  <testcase name="throwingOnMessageClosesImmediatelyAndFails" classname="okhttp3.internal.ws.WebSocketHttpTest" time="0.01"/>
  <testcase name="nullByteStringThrows" classname="okhttp3.internal.ws.WebSocketHttpTest" time="0.002"/>
  <testcase name="wsScheme" classname="okhttp3.internal.ws.WebSocketHttpTest" time="0.002"/>
  <testcase name="readTimeoutAppliesToHttpRequest" classname="okhttp3.internal.ws.WebSocketHttpTest" time="0.506"/>
  <testcase name="webSocketAndApplicationInterceptors" classname="okhttp3.internal.ws.WebSocketHttpTest" time="0.008"/>
  <testcase name="missingConnectionHeader" classname="okhttp3.internal.ws.WebSocketHttpTest" time="0.002"/>
  <testcase name="binaryMessage" classname="okhttp3.internal.ws.WebSocketHttpTest" time="0.004"/>
  <testcase name="clientPingsServerOnInterval" classname="okhttp3.internal.ws.WebSocketHttpTest" time="1.515"/>
  <testcase name="closeReasonMaximumLength" classname="okhttp3.internal.ws.WebSocketHttpTest" time="0.007"/>
  <testcase name="readTimeoutDoesNotApplyAcrossFrames" classname="okhttp3.internal.ws.WebSocketHttpTest" time="1.007"/>
  <testcase name="webSocketsDontTriggerEventListener" classname="okhttp3.internal.ws.WebSocketHttpTest" time="0.046"/>
  <testcase name="clientCancelsIfCloseIsNotAcknowledged" classname="okhttp3.internal.ws.WebSocketHttpTest" time="0.508"/>
  <testcase name="readTimeoutAppliesWithinFrames" classname="okhttp3.internal.ws.WebSocketHttpTest" time="0.507"/>
  <testcase name="missingUpgradeHeader" classname="okhttp3.internal.ws.WebSocketHttpTest" time="0.003"/>
  <testcase name="wssScheme" classname="okhttp3.internal.ws.WebSocketHttpTest" time="0.506">
    <failure message="Expected Open but was Failure[java.net.SocketTimeoutException: Read timed out]" type="java.lang.AssertionError">java.lang.AssertionError: Expected Open but was Failure[java.net.SocketTimeoutException: Read timed out]
	at okhttp3.internal.ws.WebSocketHttpTest.websocketScheme(WebSocketHttpTest.java:694)
	at okhttp3.internal.ws.WebSocketHttpTest.wssScheme(WebSocketHttpTest.java:488)
</failure>
    <system-err><![CDATA[Feb 08, 2019 12:41:43 PM okhttp3.mockwebserver.MockWebServer$2 execute
INFO: MockWebServer[36205] starting to accept connections
Uncaught exception in OkHttp thread "MockWebServer"
java.lang.NoSuchFieldError: state
	at sun.security.ssl.ServerHandshaker.processMessage(ServerHandshaker.java:203)
	at sun.security.ssl.Handshaker.processLoop(Handshaker.java:1037)
	at sun.security.ssl.Handshaker.process_record(Handshaker.java:965)
	at sun.security.ssl.SSLSocketImpl.readRecord(SSLSocketImpl.java:1064)
	at sun.security.ssl.SSLSocketImpl.performInitialHandshake(SSLSocketImpl.java:1367)
	at sun.security.ssl.SSLSocketImpl.startHandshake(SSLSocketImpl.java:1395)
	at sun.security.ssl.SSLSocketImpl.startHandshake(SSLSocketImpl.java:1379)
	at okhttp3.mockwebserver.MockWebServer$3.processConnection(MockWebServer.java:441)
	at okhttp3.mockwebserver.MockWebServer$3.execute(MockWebServer.java:408)
	at okhttp3.internal.NamedRunnable.run(NamedRunnable.java:32)
	at java.util.concurrent.ThreadPoolExecutor.runWorker(ThreadPoolExecutor.java:1149)
	at java.util.concurrent.ThreadPoolExecutor$Worker.run(ThreadPoolExecutor.java:624)
	at java.lang.Thread.run(Thread.java:748)

Last test to start was: wssScheme(okhttp3.internal.ws.WebSocketHttpTest)
Feb 08, 2019 12:41:44 PM okhttp3.internal.platform.Platform log
INFO: [WS client] onFailure
java.net.SocketTimeoutException: Read timed out
	at java.net.SocketInputStream.socketRead0(Native Method)
	at java.net.SocketInputStream.socketRead(SocketInputStream.java:116)
	at java.net.SocketInputStream.read(SocketInputStream.java:171)
	at java.net.SocketInputStream.read(SocketInputStream.java:141)
	at sun.security.ssl.InputRecord.readFully(InputRecord.java:465)
	at sun.security.ssl.InputRecord.read(InputRecord.java:503)
	at sun.security.ssl.SSLSocketImpl.readRecord(SSLSocketImpl.java:975)
	at sun.security.ssl.SSLSocketImpl.performInitialHandshake(SSLSocketImpl.java:1367)
	at sun.security.ssl.SSLSocketImpl.startHandshake(SSLSocketImpl.java:1395)
	at sun.security.ssl.SSLSocketImpl.startHandshake(SSLSocketImpl.java:1379)
	at okhttp3.internal.connection.RealConnection.connectTls(RealConnection.java:318)
	at okhttp3.internal.connection.RealConnection.establishProtocol(RealConnection.java:282)
	at okhttp3.internal.connection.RealConnection.connect(RealConnection.java:167)
	at okhttp3.internal.connection.StreamAllocation.findConnection(StreamAllocation.java:257)
	at okhttp3.internal.connection.StreamAllocation.findHealthyConnection(StreamAllocation.java:135)
	at okhttp3.internal.connection.StreamAllocation.newStream(StreamAllocation.java:114)
	at okhttp3.internal.connection.ConnectInterceptor.intercept(ConnectInterceptor.java:42)
	at okhttp3.internal.http.RealInterceptorChain.proceed(RealInterceptorChain.java:147)
	at okhttp3.internal.http.RealInterceptorChain.proceed(RealInterceptorChain.java:121)
	at okhttp3.internal.cache.CacheInterceptor.intercept(CacheInterceptor.java:93)
	at okhttp3.internal.http.RealInterceptorChain.proceed(RealInterceptorChain.java:147)
	at okhttp3.internal.http.RealInterceptorChain.proceed(RealInterceptorChain.java:121)
	at okhttp3.internal.http.BridgeInterceptor.intercept(BridgeInterceptor.java:93)
	at okhttp3.internal.http.RealInterceptorChain.proceed(RealInterceptorChain.java:147)
	at okhttp3.internal.http.RetryAndFollowUpInterceptor.intercept(RetryAndFollowUpInterceptor.java:126)
	at okhttp3.internal.http.RealInterceptorChain.proceed(RealInterceptorChain.java:147)
	at okhttp3.internal.http.RealInterceptorChain.proceed(RealInterceptorChain.java:121)
	at okhttp3.internal.ws.WebSocketHttpTest$1.intercept(WebSocketHttpTest.java:71)
	at okhttp3.internal.http.RealInterceptorChain.proceed(RealInterceptorChain.java:147)
	at okhttp3.internal.http.RealInterceptorChain.proceed(RealInterceptorChain.java:121)
	at okhttp3.RealCall.getResponseWithInterceptorChain(RealCall.java:200)
	at okhttp3.RealCall$AsyncCall.execute(RealCall.java:147)
	at okhttp3.internal.NamedRunnable.run(NamedRunnable.java:32)
	at java.util.concurrent.ThreadPoolExecutor.runWorker(ThreadPoolExecutor.java:1149)
	at java.util.concurrent.ThreadPoolExecutor$Worker.run(ThreadPoolExecutor.java:624)
	at java.lang.Thread.run(Thread.java:748)

Feb 08, 2019 12:41:44 PM okhttp3.mockwebserver.MockWebServer$2 acceptConnections
INFO: MockWebServer[36205] done accepting connections: Socket closed
]]></system-err>
  </testcase>
  <testcase name="wsUppercaseScheme" classname="okhttp3.internal.ws.WebSocketHttpTest" time="0.01"/>
  <testcase name="throwingOnClosingClosesImmediatelyAndFails" classname="okhttp3.internal.ws.WebSocketHttpTest" time="0.005"/>
  <testcase name="wrongMagicHeader" classname="okhttp3.internal.ws.WebSocketHttpTest" time="0.005"/>
  <testcase name="nullStringThrows" classname="okhttp3.internal.ws.WebSocketHttpTest" time="0.004"/>
  <testcase name="closeReasonTooLong" classname="okhttp3.internal.ws.WebSocketHttpTest" time="0.004"/>
  <testcase name="wrongUpgradeHeader" classname="okhttp3.internal.ws.WebSocketHttpTest" time="0.002"/>
  <testcase name="textMessage" classname="okhttp3.internal.ws.WebSocketHttpTest" time="0.004"/>
  <testcase name="wrongConnectionHeader" classname="okhttp3.internal.ws.WebSocketHttpTest" time="0.001"/>
  <testcase name="unplannedCloseHandledWithoutFailure" classname="okhttp3.internal.ws.WebSocketHttpTest" time="0.003"/>
  <testcase name="unacknowledgedPingFailsConnection" classname="okhttp3.internal.ws.WebSocketHttpTest" time="1.004"/>
  <testcase name="httpsScheme" classname="okhttp3.internal.ws.WebSocketHttpTest" time="0.505">
    <failure message="Expected Open but was Failure[java.net.SocketTimeoutException: Read timed out]" type="java.lang.AssertionError">java.lang.AssertionError: Expected Open but was Failure[java.net.SocketTimeoutException: Read timed out]
	at okhttp3.internal.ws.WebSocketHttpTest.websocketScheme(WebSocketHttpTest.java:694)
	at okhttp3.internal.ws.WebSocketHttpTest.httpsScheme(WebSocketHttpTest.java:498)
</failure>
    <system-err><![CDATA[Feb 08, 2019 12:41:45 PM okhttp3.mockwebserver.MockWebServer$2 execute
INFO: MockWebServer[33785] starting to accept connections
Uncaught exception in OkHttp thread "MockWebServer"
java.lang.NoSuchFieldError: state
	at sun.security.ssl.ServerHandshaker.processMessage(ServerHandshaker.java:203)
	at sun.security.ssl.Handshaker.processLoop(Handshaker.java:1037)
	at sun.security.ssl.Handshaker.process_record(Handshaker.java:965)
	at sun.security.ssl.SSLSocketImpl.readRecord(SSLSocketImpl.java:1064)
	at sun.security.ssl.SSLSocketImpl.performInitialHandshake(SSLSocketImpl.java:1367)
	at sun.security.ssl.SSLSocketImpl.startHandshake(SSLSocketImpl.java:1395)
	at sun.security.ssl.SSLSocketImpl.startHandshake(SSLSocketImpl.java:1379)
	at okhttp3.mockwebserver.MockWebServer$3.processConnection(MockWebServer.java:441)
	at okhttp3.mockwebserver.MockWebServer$3.execute(MockWebServer.java:408)
	at okhttp3.internal.NamedRunnable.run(NamedRunnable.java:32)
	at java.util.concurrent.ThreadPoolExecutor.runWorker(ThreadPoolExecutor.java:1149)
	at java.util.concurrent.ThreadPoolExecutor$Worker.run(ThreadPoolExecutor.java:624)
	at java.lang.Thread.run(Thread.java:748)

Last test to start was: httpsScheme(okhttp3.internal.ws.WebSocketHttpTest)
Feb 08, 2019 12:41:45 PM okhttp3.internal.platform.Platform log
INFO: [WS client] onFailure
java.net.SocketTimeoutException: Read timed out
	at java.net.SocketInputStream.socketRead0(Native Method)
	at java.net.SocketInputStream.socketRead(SocketInputStream.java:116)
	at java.net.SocketInputStream.read(SocketInputStream.java:171)
	at java.net.SocketInputStream.read(SocketInputStream.java:141)
	at sun.security.ssl.InputRecord.readFully(InputRecord.java:465)
	at sun.security.ssl.InputRecord.read(InputRecord.java:503)
	at sun.security.ssl.SSLSocketImpl.readRecord(SSLSocketImpl.java:975)
	at sun.security.ssl.SSLSocketImpl.performInitialHandshake(SSLSocketImpl.java:1367)
	at sun.security.ssl.SSLSocketImpl.startHandshake(SSLSocketImpl.java:1395)
	at sun.security.ssl.SSLSocketImpl.startHandshake(SSLSocketImpl.java:1379)
	at okhttp3.internal.connection.RealConnection.connectTls(RealConnection.java:318)
	at okhttp3.internal.connection.RealConnection.establishProtocol(RealConnection.java:282)
	at okhttp3.internal.connection.RealConnection.connect(RealConnection.java:167)
	at okhttp3.internal.connection.StreamAllocation.findConnection(StreamAllocation.java:257)
	at okhttp3.internal.connection.StreamAllocation.findHealthyConnection(StreamAllocation.java:135)
	at okhttp3.internal.connection.StreamAllocation.newStream(StreamAllocation.java:114)
	at okhttp3.internal.connection.ConnectInterceptor.intercept(ConnectInterceptor.java:42)
	at okhttp3.internal.http.RealInterceptorChain.proceed(RealInterceptorChain.java:147)
	at okhttp3.internal.http.RealInterceptorChain.proceed(RealInterceptorChain.java:121)
	at okhttp3.internal.cache.CacheInterceptor.intercept(CacheInterceptor.java:93)
	at okhttp3.internal.http.RealInterceptorChain.proceed(RealInterceptorChain.java:147)
	at okhttp3.internal.http.RealInterceptorChain.proceed(RealInterceptorChain.java:121)
	at okhttp3.internal.http.BridgeInterceptor.intercept(BridgeInterceptor.java:93)
	at okhttp3.internal.http.RealInterceptorChain.proceed(RealInterceptorChain.java:147)
	at okhttp3.internal.http.RetryAndFollowUpInterceptor.intercept(RetryAndFollowUpInterceptor.java:126)
	at okhttp3.internal.http.RealInterceptorChain.proceed(RealInterceptorChain.java:147)
	at okhttp3.internal.http.RealInterceptorChain.proceed(RealInterceptorChain.java:121)
	at okhttp3.internal.ws.WebSocketHttpTest$1.intercept(WebSocketHttpTest.java:71)
	at okhttp3.internal.http.RealInterceptorChain.proceed(RealInterceptorChain.java:147)
	at okhttp3.internal.http.RealInterceptorChain.proceed(RealInterceptorChain.java:121)
	at okhttp3.RealCall.getResponseWithInterceptorChain(RealCall.java:200)
	at okhttp3.RealCall$AsyncCall.execute(RealCall.java:147)
	at okhttp3.internal.NamedRunnable.run(NamedRunnable.java:32)
	at java.util.concurrent.ThreadPoolExecutor.runWorker(ThreadPoolExecutor.java:1149)
	at java.util.concurrent.ThreadPoolExecutor$Worker.run(ThreadPoolExecutor.java:624)
	at java.lang.Thread.run(Thread.java:748)

Feb 08, 2019 12:41:45 PM okhttp3.mockwebserver.MockWebServer$2 acceptConnections
INFO: MockWebServer[33785] done accepting connections: Socket closed
]]></system-err>
  </testcase>
  <testcase name="clientTimeoutClosesBody" classname="okhttp3.internal.ws.WebSocketHttpTest" time="0.01"/>
  <testcase name="unplannedCloseHandledByCloseWithoutFailure" classname="okhttp3.internal.ws.WebSocketHttpTest" time="0.003"/>
  <testcase name="missingMagicHeader" classname="okhttp3.internal.ws.WebSocketHttpTest" time="0.001"/>
  <testcase name="notFound" classname="okhttp3.internal.ws.WebSocketHttpTest" time="0.004"/>
  <testcase name="overflowOutgoingQueue" classname="okhttp3.internal.ws.WebSocketHttpTest" time="0.152"/>
  <testcase name="clientDoesNotPingServerByDefault" classname="okhttp3.internal.ws.WebSocketHttpTest" time="1.004"/>
  <testcase name="throwingOnOpenFailsImmediately" classname="okhttp3.internal.ws.WebSocketHttpTest" time="0.007"/>
  <testcase name="webSocketAndNetworkInterceptors" classname="okhttp3.internal.ws.WebSocketHttpTest" time="0.003"/>
  <testcase name="serverMessage" classname="okhttp3.internal.ws.WebSocketHttpTest" time="0.009"/>
</testsuite>