-------------------------------------------------------------------------------
Test set: okhttp3.UrlConnectionCacheTest
-------------------------------------------------------------------------------
Tests run: 109, Failures: 0, Errors: 4, Skipped: 0, Time elapsed: 47.747 s <<< FAILURE! - in okhttp3.UrlConnectionCacheTest
varyAndHttps(okhttp3.UrlConnectionCacheTest)  Time elapsed: 10.031 s  <<< ERROR!
java.net.SocketTimeoutException: Read timed out
	at okhttp3.UrlConnectionCacheTest.readAscii(UrlConnectionCacheTest.java:1771)
	at okhttp3.UrlConnectionCacheTest.readAscii(UrlConnectionCacheTest.java:1787)
	at okhttp3.UrlConnectionCacheTest.varyAndHttps(UrlConnectionCacheTest.java:1421)

secureResponseCachingAndProtocolRedirects(okhttp3.UrlConnectionCacheTest)  Time elapsed: 10.017 s  <<< ERROR!
java.net.SocketTimeoutException: Read timed out
	at okhttp3.UrlConnectionCacheTest.readAscii(UrlConnectionCacheTest.java:1771)
	at okhttp3.UrlConnectionCacheTest.readAscii(UrlConnectionCacheTest.java:1787)
	at okhttp3.UrlConnectionCacheTest.secureResponseCachingAndProtocolRedirects(UrlConnectionCacheTest.java:397)

secureResponseCachingAndRedirects(okhttp3.UrlConnectionCacheTest)  Time elapsed: 10.01 s  <<< ERROR!
java.net.SocketTimeoutException: Read timed out
	at okhttp3.UrlConnectionCacheTest.readAscii(UrlConnectionCacheTest.java:1771)
	at okhttp3.UrlConnectionCacheTest.readAscii(UrlConnectionCacheTest.java:1787)
	at okhttp3.UrlConnectionCacheTest.secureResponseCachingAndRedirects(UrlConnectionCacheTest.java:359)

secureResponseCaching(okhttp3.UrlConnectionCacheTest)  Time elapsed: 10.008 s  <<< ERROR!
java.net.SocketTimeoutException: Read timed out
	at okhttp3.UrlConnectionCacheTest.readAscii(UrlConnectionCacheTest.java:1771)
	at okhttp3.UrlConnectionCacheTest.readAscii(UrlConnectionCacheTest.java:1787)
	at okhttp3.UrlConnectionCacheTest.secureResponseCaching(UrlConnectionCacheTest.java:273)

