<?xml version="1.0" encoding="UTF-8"?>
<testsuite xmlns:xsi="http://www.w3.org/2001/XMLSchema-instance" xsi:noNamespaceSchemaLocation="https://maven.apache.org/surefire/maven-surefire-plugin/xsd/surefire-test-report.xsd" name="okhttp3.UrlConnectionCacheTest" time="47.747" tests="109" errors="4" skipped="0" failures="0">
  <properties>
[...]
</properties>
  <testcase name="requestOnlyIfCachedWithNoResponseCached" classname="okhttp3.UrlConnectionCacheTest" time="0.026"/>
  <testcase name="conditionalHitUpdatesCache" classname="okhttp3.UrlConnectionCacheTest" time="0.025"/>
  <testcase name="statisticsConditionalCacheHit" classname="okhttp3.UrlConnectionCacheTest" time="0.012"/>
  <testcase name="maxAgePreferredWithMaxAgeAndExpires" classname="okhttp3.UrlConnectionCacheTest" time="0.008"/>
  <testcase name="contentLocationDoesNotPopulateCache" classname="okhttp3.UrlConnectionCacheTest" time="0.049"/>
  <testcase name="requestMethodPostIsNotCached" classname="okhttp3.UrlConnectionCacheTest" time="0.038"/>
  <testcase name="varyAndHttps" classname="okhttp3.UrlConnectionCacheTest" time="10.031">
    <error message="Read timed out" type="java.net.SocketTimeoutException">java.net.SocketTimeoutException: Read timed out
	at okhttp3.UrlConnectionCacheTest.readAscii(UrlConnectionCacheTest.java:1771)
	at okhttp3.UrlConnectionCacheTest.readAscii(UrlConnectionCacheTest.java:1787)
	at okhttp3.UrlConnectionCacheTest.varyAndHttps(UrlConnectionCacheTest.java:1421)
</error>
    <system-err><![CDATA[Feb 08, 2019 12:31:36 PM okhttp3.mockwebserver.MockWebServer$2 execute
INFO: MockWebServer[59845] starting to accept connections
Feb 08, 2019 12:31:36 PM okhttp3.mockwebserver.MockWebServer$2 execute
INFO: MockWebServer[53463] starting to accept connections
Uncaught exception in OkHttp thread "MockWebServer"
java.lang.NoSuchFieldError: state
	at sun.security.ssl.ServerHandshaker.processMessage(ServerHandshaker.java:203)
	at sun.security.ssl.Handshaker.processLoop(Handshaker.java:1037)
	at sun.security.ssl.Handshaker.process_record(Handshaker.java:965)
	at sun.security.ssl.SSLSocketImpl.readRecord(SSLSocketImpl.java:1064)
	at sun.security.ssl.SSLSocketImpl.performInitialHandshake(SSLSocketImpl.java:1367)
	at sun.security.ssl.SSLSocketImpl.startHandshake(SSLSocketImpl.java:1395)
	at sun.security.ssl.SSLSocketImpl.startHandshake(SSLSocketImpl.java:1379)
	at okhttp3.mockwebserver.MockWebServer$3.processConnection(MockWebServer.java:441)
	at okhttp3.mockwebserver.MockWebServer$3.execute(MockWebServer.java:408)
	at okhttp3.internal.NamedRunnable.run(NamedRunnable.java:32)
	at java.util.concurrent.ThreadPoolExecutor.runWorker(ThreadPoolExecutor.java:1149)
	at java.util.concurrent.ThreadPoolExecutor$Worker.run(ThreadPoolExecutor.java:624)
	at java.lang.Thread.run(Thread.java:748)

Last test to start was: varyAndHttps(okhttp3.UrlConnectionCacheTest)
Feb 08, 2019 12:31:46 PM okhttp3.mockwebserver.MockWebServer$2 acceptConnections
INFO: MockWebServer[53463] done accepting connections: Socket closed
Feb 08, 2019 12:31:46 PM okhttp3.mockwebserver.MockWebServer$2 acceptConnections
INFO: MockWebServer[59845] done accepting connections: Socket closed
]]></system-err>
  </testcase>
  <testcase name="clientPrematureDisconnectWithNoLengthHeaders" classname="okhttp3.UrlConnectionCacheTest" time="1.012"/>
  <testcase name="setIfModifiedSince" classname="okhttp3.UrlConnectionCacheTest" time="0.008"/>
  <testcase name="noDefaultExpirationForUrlsWithQueryString" classname="okhttp3.UrlConnectionCacheTest" time="0.053"/>
  <testcase name="maxAgeInTheFutureWithDateHeader" classname="okhttp3.UrlConnectionCacheTest" time="0.017"/>
  <testcase name="serverReturnsDocumentOlderThanCache" classname="okhttp3.UrlConnectionCacheTest" time="0.054"/>
  <testcase name="responseCachingAndInputStreamSkipWithChunkedEncoding" classname="okhttp3.UrlConnectionCacheTest" time="0.009"/>
  <testcase name="clientSuppliedConditionWithoutCachedResult" classname="okhttp3.UrlConnectionCacheTest" time="0.008"/>
  <testcase name="requestPragmaNoCache" classname="okhttp3.UrlConnectionCacheTest" time="0.053"/>
  <testcase name="cacheControlNoStoreAndExpirationDateInTheFuture" classname="okhttp3.UrlConnectionCacheTest" time="0.047"/>
  <testcase name="requestMethodPutIsNotCached" classname="okhttp3.UrlConnectionCacheTest" time="0.015"/>
  <testcase name="varyMultipleFieldsWithMatch" classname="okhttp3.UrlConnectionCacheTest" time="0.011"/>
  <testcase name="cachePlusRange" classname="okhttp3.UrlConnectionCacheTest" time="0.054"/>
  <testcase name="cacheControlNoCacheAndExpirationDateInTheFuture" classname="okhttp3.UrlConnectionCacheTest" time="0.103"/>
  <testcase name="requestMaxStale" classname="okhttp3.UrlConnectionCacheTest" time="0.011"/>
  <testcase name="varyMultipleFieldsWithNoMatch" classname="okhttp3.UrlConnectionCacheTest" time="0.048"/>
  <testcase name="responseCacheAccessWithOkHttpMember" classname="okhttp3.UrlConnectionCacheTest" time="0.009"/>
  <testcase name="requestMethodHeadIsNotCached" classname="okhttp3.UrlConnectionCacheTest" time="0.021"/>
  <testcase name="getHeadersDeletesCached100LevelWarnings" classname="okhttp3.UrlConnectionCacheTest" time="0.012"/>
  <testcase name="varyMatchesRemovedRequestHeaderField" classname="okhttp3.UrlConnectionCacheTest" time="0.056"/>
  <testcase name="serverDisconnectsPrematurelyWithNoLengthHeaders" classname="okhttp3.UrlConnectionCacheTest" time="0.009"/>
  <testcase name="clientPrematureDisconnectWithContentLengthHeader" classname="okhttp3.UrlConnectionCacheTest" time="1.019"/>
  <testcase name="varyAsterisk" classname="okhttp3.UrlConnectionCacheTest" time="0.051"/>
  <testcase name="clientSuppliedIfModifiedSinceWithCachedResult" classname="okhttp3.UrlConnectionCacheTest" time="0.007"/>
  <testcase name="secureResponseCachingAndProtocolRedirects" classname="okhttp3.UrlConnectionCacheTest" time="10.017">
    <error message="Read timed out" type="java.net.SocketTimeoutException">java.net.SocketTimeoutException: Read timed out
	at okhttp3.UrlConnectionCacheTest.readAscii(UrlConnectionCacheTest.java:1771)
	at okhttp3.UrlConnectionCacheTest.readAscii(UrlConnectionCacheTest.java:1787)
	at okhttp3.UrlConnectionCacheTest.secureResponseCachingAndProtocolRedirects(UrlConnectionCacheTest.java:397)
</error>
    <system-err><![CDATA[Feb 08, 2019 12:31:49 PM okhttp3.mockwebserver.MockWebServer$2 execute
INFO: MockWebServer[42215] starting to accept connections
Feb 08, 2019 12:31:49 PM okhttp3.mockwebserver.MockWebServer$2 execute
INFO: MockWebServer[57079] starting to accept connections
Feb 08, 2019 12:31:49 PM okhttp3.mockwebserver.MockWebServer$3 processOneRequest
INFO: MockWebServer[57079] received request: GET / HTTP/1.1 and responded: HTTP/1.1 301 Redirection
Uncaught exception in OkHttp thread "MockWebServer"
java.lang.NoSuchFieldError: state
	at sun.security.ssl.ServerHandshaker.processMessage(ServerHandshaker.java:203)
	at sun.security.ssl.Handshaker.processLoop(Handshaker.java:1037)
	at sun.security.ssl.Handshaker.process_record(Handshaker.java:965)
	at sun.security.ssl.SSLSocketImpl.readRecord(SSLSocketImpl.java:1064)
	at sun.security.ssl.SSLSocketImpl.performInitialHandshake(SSLSocketImpl.java:1367)
	at sun.security.ssl.SSLSocketImpl.startHandshake(SSLSocketImpl.java:1395)
	at sun.security.ssl.SSLSocketImpl.startHandshake(SSLSocketImpl.java:1379)
	at okhttp3.mockwebserver.MockWebServer$3.processConnection(MockWebServer.java:441)
	at okhttp3.mockwebserver.MockWebServer$3.execute(MockWebServer.java:408)
	at okhttp3.internal.NamedRunnable.run(NamedRunnable.java:32)
	at java.util.concurrent.ThreadPoolExecutor.runWorker(ThreadPoolExecutor.java:1149)
	at java.util.concurrent.ThreadPoolExecutor$Worker.run(ThreadPoolExecutor.java:624)
	at java.lang.Thread.run(Thread.java:748)

Last test to start was: secureResponseCachingAndProtocolRedirects(okhttp3.UrlConnectionCacheTest)
Feb 08, 2019 12:31:59 PM okhttp3.mockwebserver.MockWebServer$2 acceptConnections
INFO: MockWebServer[57079] done accepting connections: Socket closed
Feb 08, 2019 12:31:59 PM okhttp3.mockwebserver.MockWebServer$2 acceptConnections
INFO: MockWebServer[42215] done accepting connections: Socket closed
]]></system-err>
  </testcase>
  <testcase name="responseSourceHeaderConditionalCacheNotFetched" classname="okhttp3.UrlConnectionCacheTest" time="0.01"/>
  <testcase name="clientPrematureDisconnectWithChunkedEncoding" classname="okhttp3.UrlConnectionCacheTest" time="2.01"/>
  <testcase name="useCachesFalseDoesNotReadFromCache" classname="okhttp3.UrlConnectionCacheTest" time="0.05"/>
  <testcase name="connectionIsReturnedToPoolAfterConditionalSuccess" classname="okhttp3.UrlConnectionCacheTest" time="0.049"/>
  <testcase name="maxAgePreferredOverHigherMaxAge" classname="okhttp3.UrlConnectionCacheTest" time="0.047"/>
  <testcase name="responseSourceHeaderConditionalCacheFetched" classname="okhttp3.UrlConnectionCacheTest" time="0.047"/>
  <testcase name="getHeadersRetainsCached200LevelWarnings" classname="okhttp3.UrlConnectionCacheTest" time="0.004"/>
  <testcase name="deleteMethodInvalidatesCache" classname="okhttp3.UrlConnectionCacheTest" time="0.097"/>
  <testcase name="testGoldenCacheResponse" classname="okhttp3.UrlConnectionCacheTest" time="0.007"/>
  <testcase name="getHeadersReturnsNetworkEndToEndHeaders" classname="okhttp3.UrlConnectionCacheTest" time="0.01"/>
  <testcase name="varyMultipleFieldValuesWithMatch" classname="okhttp3.UrlConnectionCacheTest" time="0.006"/>
  <testcase name="etagAndExpirationDateInThePast" classname="okhttp3.UrlConnectionCacheTest" time="0.1"/>
  <testcase name="pragmaNoCache" classname="okhttp3.UrlConnectionCacheTest" time="0.051"/>
  <testcase name="retainServedDateFormat" classname="okhttp3.UrlConnectionCacheTest" time="0.016"/>
  <testcase name="statisticsConditionalCacheMiss" classname="okhttp3.UrlConnectionCacheTest" time="0.095"/>
  <testcase name="expirationDateInThePastWithLastModifiedHeader" classname="okhttp3.UrlConnectionCacheTest" time="0.099"/>
  <testcase name="responseSourceHeaderFetched" classname="okhttp3.UrlConnectionCacheTest" time="0.007"/>
  <testcase name="partialRangeResponsesDoNotCorruptCache" classname="okhttp3.UrlConnectionCacheTest" time="0.052"/>
  <testcase name="requestMethodOptionsIsNotCached" classname="okhttp3.UrlConnectionCacheTest" time="0.007"/>
  <testcase name="redirectToCachedResult" classname="okhttp3.UrlConnectionCacheTest" time="0.053"/>
  <testcase name="serverDisconnectsPrematurelyWithChunkedEncoding" classname="okhttp3.UrlConnectionCacheTest" time="0.02"/>
  <testcase name="defaultExpirationDateFullyCachedForMoreThan24Hours" classname="okhttp3.UrlConnectionCacheTest" time="0.009"/>
  <testcase name="useCachesFalseDoesNotWriteToCache" classname="okhttp3.UrlConnectionCacheTest" time="0.047"/>
  <testcase name="defaultUseCachesSetsInitialValueOnly" classname="okhttp3.UrlConnectionCacheTest" time="0.004"/>
  <testcase name="maxAgeInThePastWithDateAndLastModifiedHeaders" classname="okhttp3.UrlConnectionCacheTest" time="0.097"/>
  <testcase name="responseCachingByResponseCode" classname="okhttp3.UrlConnectionCacheTest" time="0.188"/>
  <testcase name="serverDisconnectsPrematurelyWithContentLengthHeader" classname="okhttp3.UrlConnectionCacheTest" time="0.006"/>
  <testcase name="emptyResponseHeaderNameFromCacheIsLenient" classname="okhttp3.UrlConnectionCacheTest" time="0.007"/>
  <testcase name="requestMethodTraceIsNotCached" classname="okhttp3.UrlConnectionCacheTest" time="0.004"/>
  <testcase name="requestMethodDeleteIsNotCached" classname="okhttp3.UrlConnectionCacheTest" time="0.01"/>
  <testcase name="maxAgeInTheFutureWithNoDateHeader" classname="okhttp3.UrlConnectionCacheTest" time="0.007"/>
  <testcase name="clientSuppliedIfNoneMatchSinceWithCachedResult" classname="okhttp3.UrlConnectionCacheTest" time="0.006"/>
  <testcase name="etag" classname="okhttp3.UrlConnectionCacheTest" time="0.095"/>
  <testcase name="requestOnlyIfCachedWithFullResponseCached" classname="okhttp3.UrlConnectionCacheTest" time="0.005"/>
  <testcase name="responseCachingAndInputStreamSkipWithFixedLength" classname="okhttp3.UrlConnectionCacheTest" time="0.01"/>
  <testcase name="secureResponseCachingAndRedirects" classname="okhttp3.UrlConnectionCacheTest" time="10.01">
    <error message="Read timed out" type="java.net.SocketTimeoutException">java.net.SocketTimeoutException: Read timed out
	at okhttp3.UrlConnectionCacheTest.readAscii(UrlConnectionCacheTest.java:1771)
	at okhttp3.UrlConnectionCacheTest.readAscii(UrlConnectionCacheTest.java:1787)
	at okhttp3.UrlConnectionCacheTest.secureResponseCachingAndRedirects(UrlConnectionCacheTest.java:359)
</error>
    <system-err><![CDATA[Feb 08, 2019 12:32:03 PM okhttp3.mockwebserver.MockWebServer$2 execute
INFO: MockWebServer[55947] starting to accept connections
Feb 08, 2019 12:32:03 PM okhttp3.mockwebserver.MockWebServer$2 execute
INFO: MockWebServer[40897] starting to accept connections
Uncaught exception in OkHttp thread "MockWebServer"
java.lang.NoSuchFieldError: state
	at sun.security.ssl.ServerHandshaker.processMessage(ServerHandshaker.java:203)
	at sun.security.ssl.Handshaker.processLoop(Handshaker.java:1037)
	at sun.security.ssl.Handshaker.process_record(Handshaker.java:965)
	at sun.security.ssl.SSLSocketImpl.readRecord(SSLSocketImpl.java:1064)
	at sun.security.ssl.SSLSocketImpl.performInitialHandshake(SSLSocketImpl.java:1367)
	at sun.security.ssl.SSLSocketImpl.startHandshake(SSLSocketImpl.java:1395)
	at sun.security.ssl.SSLSocketImpl.startHandshake(SSLSocketImpl.java:1379)
	at okhttp3.mockwebserver.MockWebServer$3.processConnection(MockWebServer.java:441)
	at okhttp3.mockwebserver.MockWebServer$3.execute(MockWebServer.java:408)
	at okhttp3.internal.NamedRunnable.run(NamedRunnable.java:32)
	at java.util.concurrent.ThreadPoolExecutor.runWorker(ThreadPoolExecutor.java:1149)
	at java.util.concurrent.ThreadPoolExecutor$Worker.run(ThreadPoolExecutor.java:624)
	at java.lang.Thread.run(Thread.java:748)

Last test to start was: secureResponseCachingAndRedirects(okhttp3.UrlConnectionCacheTest)
Feb 08, 2019 12:32:13 PM okhttp3.mockwebserver.MockWebServer$2 acceptConnections
INFO: MockWebServer[40897] done accepting connections: Socket closed
Feb 08, 2019 12:32:13 PM okhttp3.mockwebserver.MockWebServer$2 acceptConnections
INFO: MockWebServer[55947] done accepting connections: Socket closed
]]></system-err>
  </testcase>
  <testcase name="requestOnlyIfCachedWithUnhelpfulResponseCached" classname="okhttp3.UrlConnectionCacheTest" time="0.002"/>
  <testcase name="defaultExpirationDateFullyCachedForLessThan24Hours" classname="okhttp3.UrlConnectionCacheTest" time="0.003"/>
  <testcase name="varyMatchesAbsentRequestHeaderField" classname="okhttp3.UrlConnectionCacheTest" time="0.005"/>
  <testcase name="postInvalidatesCacheWithUncacheableResponse" classname="okhttp3.UrlConnectionCacheTest" time="0.094"/>
  <testcase name="maxAgePreferredOverLowerSharedMaxAge" classname="okhttp3.UrlConnectionCacheTest" time="0.007"/>
  <testcase name="responseCachingAndRedirects" classname="okhttp3.UrlConnectionCacheTest" time="0.061"/>
  <testcase name="expiresDateBeforeModifiedDate" classname="okhttp3.UrlConnectionCacheTest" time="0.097"/>
  <testcase name="varyMatchesUnchangedRequestHeaderField" classname="okhttp3.UrlConnectionCacheTest" time="0.005"/>
  <testcase name="cachePlusCookies" classname="okhttp3.UrlConnectionCacheTest" time="0.003"/>
  <testcase name="authorizationRequestFullyCached" classname="okhttp3.UrlConnectionCacheTest" time="0.003"/>
  <testcase name="statisticsFullCacheHit" classname="okhttp3.UrlConnectionCacheTest" time="0.002"/>
  <testcase name="varyMatchesChangedRequestHeaderField" classname="okhttp3.UrlConnectionCacheTest" time="0.049"/>
  <testcase name="expirationDateInTheFuture" classname="okhttp3.UrlConnectionCacheTest" time="0.006"/>
  <testcase name="maxAgeInTheFutureWithDateAndLastModifiedHeaders" classname="okhttp3.UrlConnectionCacheTest" time="0.009"/>
  <testcase name="maxAgeWithLastModifiedButNoServedDate" classname="okhttp3.UrlConnectionCacheTest" time="0.008"/>
  <testcase name="responseSourceHeaderCached" classname="okhttp3.UrlConnectionCacheTest" time="0.017"/>
  <testcase name="requestOnlyIfCachedWithConditionalResponseCached" classname="okhttp3.UrlConnectionCacheTest" time="0.008"/>
  <testcase name="varyFieldsAreCaseInsensitive" classname="okhttp3.UrlConnectionCacheTest" time="0.005"/>
  <testcase name="etagAndExpirationDateInTheFuture" classname="okhttp3.UrlConnectionCacheTest" time="0.004"/>
  <testcase name="pragmaNoCacheAndExpirationDateInTheFuture" classname="okhttp3.UrlConnectionCacheTest" time="0.092"/>
  <testcase name="requestMinFresh" classname="okhttp3.UrlConnectionCacheTest" time="0.055"/>
  <testcase name="defaultExpirationDateConditionallyCached" classname="okhttp3.UrlConnectionCacheTest" time="0.095"/>
  <testcase name="requestMaxAge" classname="okhttp3.UrlConnectionCacheTest" time="0.05"/>
  <testcase name="nonIdentityEncodingAndConditionalCache" classname="okhttp3.UrlConnectionCacheTest" time="0.011"/>
  <testcase name="notModifiedSpecifiesEncoding" classname="okhttp3.UrlConnectionCacheTest" time="0.049"/>
  <testcase name="expirationDateInThePastWithNoLastModifiedHeader" classname="okhttp3.UrlConnectionCacheTest" time="0.047"/>
  <testcase name="maxAgeInThePastWithDateHeaderButNoLastModifiedHeader" classname="okhttp3.UrlConnectionCacheTest" time="0.046"/>
  <testcase name="requestMethodGetIsCached" classname="okhttp3.UrlConnectionCacheTest" time="0.006"/>
  <testcase name="nonIdentityEncodingAndFullCache" classname="okhttp3.UrlConnectionCacheTest" time="0.007"/>
  <testcase name="requestMaxStaleNotHonoredWithMustRevalidate" classname="okhttp3.UrlConnectionCacheTest" time="0.059"/>
  <testcase name="secureResponseCaching" classname="okhttp3.UrlConnectionCacheTest" time="10.008">
    <error message="Read timed out" type="java.net.SocketTimeoutException">java.net.SocketTimeoutException: Read timed out
	at okhttp3.UrlConnectionCacheTest.readAscii(UrlConnectionCacheTest.java:1771)
	at okhttp3.UrlConnectionCacheTest.readAscii(UrlConnectionCacheTest.java:1787)
	at okhttp3.UrlConnectionCacheTest.secureResponseCaching(UrlConnectionCacheTest.java:273)
</error>
    <system-err><![CDATA[Feb 08, 2019 12:32:14 PM okhttp3.mockwebserver.MockWebServer$2 execute
INFO: MockWebServer[34089] starting to accept connections
Feb 08, 2019 12:32:14 PM okhttp3.mockwebserver.MockWebServer$2 execute
INFO: MockWebServer[39101] starting to accept connections
Uncaught exception in OkHttp thread "MockWebServer"
java.lang.NoSuchFieldError: state
	at sun.security.ssl.ServerHandshaker.processMessage(ServerHandshaker.java:203)
	at sun.security.ssl.Handshaker.processLoop(Handshaker.java:1037)
	at sun.security.ssl.Handshaker.process_record(Handshaker.java:965)
	at sun.security.ssl.SSLSocketImpl.readRecord(SSLSocketImpl.java:1064)
	at sun.security.ssl.SSLSocketImpl.performInitialHandshake(SSLSocketImpl.java:1367)
	at sun.security.ssl.SSLSocketImpl.startHandshake(SSLSocketImpl.java:1395)
	at sun.security.ssl.SSLSocketImpl.startHandshake(SSLSocketImpl.java:1379)
	at okhttp3.mockwebserver.MockWebServer$3.processConnection(MockWebServer.java:441)
	at okhttp3.mockwebserver.MockWebServer$3.execute(MockWebServer.java:408)
	at okhttp3.internal.NamedRunnable.run(NamedRunnable.java:32)
	at java.util.concurrent.ThreadPoolExecutor.runWorker(ThreadPoolExecutor.java:1149)
	at java.util.concurrent.ThreadPoolExecutor$Worker.run(ThreadPoolExecutor.java:624)
	at java.lang.Thread.run(Thread.java:748)

Last test to start was: secureResponseCaching(okhttp3.UrlConnectionCacheTest)
Feb 08, 2019 12:32:24 PM okhttp3.mockwebserver.MockWebServer$2 acceptConnections
INFO: MockWebServer[39101] done accepting connections: Socket closed
Feb 08, 2019 12:32:24 PM okhttp3.mockwebserver.MockWebServer$2 acceptConnections
INFO: MockWebServer[34089] done accepting connections: Socket closed
]]></system-err>
  </testcase>
  <testcase name="cacheControlNoCache" classname="okhttp3.UrlConnectionCacheTest" time="0.048"/>
  <testcase name="gzipAndVaryOnAcceptEncoding" classname="okhttp3.UrlConnectionCacheTest" time="0.002"/>
  <testcase name="cacheControlNoStore" classname="okhttp3.UrlConnectionCacheTest" time="0.045"/>
  <testcase name="conditionalCacheHitIsNotDoublePooled" classname="okhttp3.UrlConnectionCacheTest" time="0.006"/>
  <testcase name="varyMultipleFieldValuesWithNoMatch" classname="okhttp3.UrlConnectionCacheTest" time="0.047"/>
  <testcase name="postInvalidatesCache" classname="okhttp3.UrlConnectionCacheTest" time="0.096"/>
  <testcase name="putInvalidatesCache" classname="okhttp3.UrlConnectionCacheTest" time="0.099"/>
  <testcase name="getHeadersReturnsCachedHopByHopHeaders" classname="okhttp3.UrlConnectionCacheTest" time="0.007"/>
  <testcase name="requestCacheControlNoCache" classname="okhttp3.UrlConnectionCacheTest" time="0.049"/>
  <testcase name="varyMatchesAddedRequestHeaderField" classname="okhttp3.UrlConnectionCacheTest" time="0.051"/>
  <testcase name="responseCachingAndInputStreamSkipWithNoLengthHeaders" classname="okhttp3.UrlConnectionCacheTest" time="0.007"/>
</testsuite>