<?xml version="1.0" encoding="UTF-8"?>
<testsuite xmlns:xsi="http://www.w3.org/2001/XMLSchema-instance" xsi:noNamespaceSchemaLocation="https://maven.apache.org/surefire/maven-surefire-plugin/xsd/surefire-test-report.xsd" name="org.apache.commons.lang3.text.translate.UnicodeEscaperTest" time="0.004" tests="3" errors="0" skipped="0" failures="0">
  <properties>
[...]
</properties>
  <testcase name="testAbove" classname="org.apache.commons.lang3.text.translate.UnicodeEscaperTest" time="0"/>
  <testcase name="testBelow" classname="org.apache.commons.lang3.text.translate.UnicodeEscaperTest" time="0"/>
  <testcase name="testBetween" classname="org.apache.commons.lang3.text.translate.UnicodeEscaperTest" time="0"/>
</testsuite>