<?xml version="1.0" encoding="UTF-8"?>
<testsuite xmlns:xsi="http://www.w3.org/2001/XMLSchema-instance" xsi:noNamespaceSchemaLocation="https://maven.apache.org/surefire/maven-surefire-plugin/xsd/surefire-test-report.xsd" name="org.apache.commons.lang3.text.StrBuilderTest" time="0.222" tests="91" errors="0" skipped="0" failures="0">
  <properties>
[...]
</properties>
  <testcase name="testAsTokenizer" classname="org.apache.commons.lang3.text.StrBuilderTest" time="0"/>
  <testcase name="testDeleteFirst_StrMatcher" classname="org.apache.commons.lang3.text.StrBuilderTest" time="0"/>
  <testcase name="testReplaceFirst_StrMatcher_String" classname="org.apache.commons.lang3.text.StrBuilderTest" time="0"/>
  <testcase name="testDeleteAll_String" classname="org.apache.commons.lang3.text.StrBuilderTest" time="0"/>
  <testcase name="testEndsWith" classname="org.apache.commons.lang3.text.StrBuilderTest" time="0"/>
  <testcase name="testGetSetNullText" classname="org.apache.commons.lang3.text.StrBuilderTest" time="0"/>
  <testcase name="testReadFromReaderAppendsToEnd" classname="org.apache.commons.lang3.text.StrBuilderTest" time="0"/>
  <testcase name="testIndexOfLang294" classname="org.apache.commons.lang3.text.StrBuilderTest" time="0"/>
  <testcase name="testSubSequenceIntInt" classname="org.apache.commons.lang3.text.StrBuilderTest" time="0"/>
  <testcase name="testGetChars" classname="org.apache.commons.lang3.text.StrBuilderTest" time="0"/>
  <testcase name="testLastIndexOf_String" classname="org.apache.commons.lang3.text.StrBuilderTest" time="0"/>
  <testcase name="testDeleteAll_char" classname="org.apache.commons.lang3.text.StrBuilderTest" time="0"/>
  <testcase name="testReplace_StrMatcher_String_int_int_int_VaryEndIndex" classname="org.apache.commons.lang3.text.StrBuilderTest" time="0"/>
  <testcase name="testLastIndexOf_char_int" classname="org.apache.commons.lang3.text.StrBuilderTest" time="0"/>
  <testcase name="testReadFromReadable" classname="org.apache.commons.lang3.text.StrBuilderTest" time="0.001"/>
  <testcase name="testAppendToStringBuffer" classname="org.apache.commons.lang3.text.StrBuilderTest" time="0"/>
  <testcase name="testClear" classname="org.apache.commons.lang3.text.StrBuilderTest" time="0"/>
  <testcase name="testSize" classname="org.apache.commons.lang3.text.StrBuilderTest" time="0"/>
  <testcase name="testTrim" classname="org.apache.commons.lang3.text.StrBuilderTest" time="0"/>
  <testcase name="testRightString" classname="org.apache.commons.lang3.text.StrBuilderTest" time="0.001"/>
  <testcase name="testToString" classname="org.apache.commons.lang3.text.StrBuilderTest" time="0"/>
  <testcase name="testConstructors" classname="org.apache.commons.lang3.text.StrBuilderTest" time="0"/>
  <testcase name="testReadFromCharBuffer" classname="org.apache.commons.lang3.text.StrBuilderTest" time="0"/>
  <testcase name="testMinimizeCapacity" classname="org.apache.commons.lang3.text.StrBuilderTest" time="0"/>
  <testcase name="testSubstringIntInt" classname="org.apache.commons.lang3.text.StrBuilderTest" time="0"/>
  <testcase name="testLang412Left" classname="org.apache.commons.lang3.text.StrBuilderTest" time="0"/>
  <testcase name="testContains_String" classname="org.apache.commons.lang3.text.StrBuilderTest" time="0"/>
  <testcase name="testEqualsIgnoreCase" classname="org.apache.commons.lang3.text.StrBuilderTest" time="0"/>
  <testcase name="testCapacityAndLength" classname="org.apache.commons.lang3.text.StrBuilderTest" time="0"/>
  <testcase name="testReadFromReadableAppendsToEnd" classname="org.apache.commons.lang3.text.StrBuilderTest" time="0"/>
  <testcase name="testAsReader" classname="org.apache.commons.lang3.text.StrBuilderTest" time="0"/>
  <testcase name="testToStringBuilder" classname="org.apache.commons.lang3.text.StrBuilderTest" time="0"/>
  <testcase name="testReplaceAll_String_String" classname="org.apache.commons.lang3.text.StrBuilderTest" time="0"/>
  <testcase name="testAsWriter" classname="org.apache.commons.lang3.text.StrBuilderTest" time="0"/>
  <testcase name="testLang294" classname="org.apache.commons.lang3.text.StrBuilderTest" time="0"/>
  <testcase name="testLang295" classname="org.apache.commons.lang3.text.StrBuilderTest" time="0"/>
  <testcase name="testReplaceAll_char_char" classname="org.apache.commons.lang3.text.StrBuilderTest" time="0"/>
  <testcase name="testLastIndexOf_String_int" classname="org.apache.commons.lang3.text.StrBuilderTest" time="0"/>
  <testcase name="testDeleteCharAt" classname="org.apache.commons.lang3.text.StrBuilderTest" time="0"/>
  <testcase name="testReplaceFirst_String_String" classname="org.apache.commons.lang3.text.StrBuilderTest" time="0"/>
  <testcase name="testContains_char" classname="org.apache.commons.lang3.text.StrBuilderTest" time="0"/>
  <testcase name="testDeleteIntInt" classname="org.apache.commons.lang3.text.StrBuilderTest" time="0"/>
  <testcase name="testReplace_StrMatcher_String_int_int_int_VaryCount" classname="org.apache.commons.lang3.text.StrBuilderTest" time="0"/>
  <testcase name="testReplaceFirst_char_char" classname="org.apache.commons.lang3.text.StrBuilderTest" time="0"/>
  <testcase name="testIndexOf_char" classname="org.apache.commons.lang3.text.StrBuilderTest" time="0"/>
  <testcase name="testReplace_int_int_String" classname="org.apache.commons.lang3.text.StrBuilderTest" time="0"/>
  <testcase name="testToCharArray" classname="org.apache.commons.lang3.text.StrBuilderTest" time="0"/>
  <testcase name="testLastIndexOf_StrMatcher" classname="org.apache.commons.lang3.text.StrBuilderTest" time="0"/>
  <testcase name="testIndexOf_StrMatcher_int" classname="org.apache.commons.lang3.text.StrBuilderTest" time="0"/>
  <testcase name="testEnsureCapacity" classname="org.apache.commons.lang3.text.StrBuilderTest" time="0"/>
  <testcase name="testLang412Right" classname="org.apache.commons.lang3.text.StrBuilderTest" time="0"/>
  <testcase name="testDeleteFirst_String" classname="org.apache.commons.lang3.text.StrBuilderTest" time="0"/>
  <testcase name="testAppendToStringBuilder" classname="org.apache.commons.lang3.text.StrBuilderTest" time="0"/>
  <testcase name="testMidString" classname="org.apache.commons.lang3.text.StrBuilderTest" time="0"/>
  <testcase name="testReplaceAll_StrMatcher_String" classname="org.apache.commons.lang3.text.StrBuilderTest" time="0"/>
  <testcase name="testCapacity" classname="org.apache.commons.lang3.text.StrBuilderTest" time="0"/>
  <testcase name="testReadFromCharBufferAppendsToEnd" classname="org.apache.commons.lang3.text.StrBuilderTest" time="0"/>
  <testcase name="testReverse" classname="org.apache.commons.lang3.text.StrBuilderTest" time="0"/>
  <testcase name="testSetCharAt" classname="org.apache.commons.lang3.text.StrBuilderTest" time="0"/>
  <testcase name="testReplace_StrMatcher_String_int_int_int_VaryStartIndex" classname="org.apache.commons.lang3.text.StrBuilderTest" time="0"/>
  <testcase name="testHashCode" classname="org.apache.commons.lang3.text.StrBuilderTest" time="0"/>
  <testcase name="testSubstringInt" classname="org.apache.commons.lang3.text.StrBuilderTest" time="0"/>
  <testcase name="test_LANG_1131_EqualsWithNullStrBuilder" classname="org.apache.commons.lang3.text.StrBuilderTest" time="0"/>
  <testcase name="testSetLength" classname="org.apache.commons.lang3.text.StrBuilderTest" time="0"/>
  <testcase name="testAppendToWriter" classname="org.apache.commons.lang3.text.StrBuilderTest" time="0"/>
  <testcase name="testCharAt" classname="org.apache.commons.lang3.text.StrBuilderTest" time="0"/>
  <testcase name="testReplace_StrMatcher_String_int_int_int_VaryMatcher" classname="org.apache.commons.lang3.text.StrBuilderTest" time="0"/>
  <testcase name="testEquals" classname="org.apache.commons.lang3.text.StrBuilderTest" time="0"/>
  <testcase name="testLastIndexOf_char" classname="org.apache.commons.lang3.text.StrBuilderTest" time="0"/>
  <testcase name="testLeftString" classname="org.apache.commons.lang3.text.StrBuilderTest" time="0"/>
  <testcase name="testIndexOf_String_int" classname="org.apache.commons.lang3.text.StrBuilderTest" time="0"/>
  <testcase name="testContains_StrMatcher" classname="org.apache.commons.lang3.text.StrBuilderTest" time="0"/>
  <testcase name="testLength" classname="org.apache.commons.lang3.text.StrBuilderTest" time="0"/>
  <testcase name="testReplace_StrMatcher_String_int_int_int_VaryReplace" classname="org.apache.commons.lang3.text.StrBuilderTest" time="0"/>
  <testcase name="testDeleteFirst_char" classname="org.apache.commons.lang3.text.StrBuilderTest" time="0"/>
  <testcase name="testAppendToCharBuffer" classname="org.apache.commons.lang3.text.StrBuilderTest" time="0"/>
  <testcase name="testDeleteAll_StrMatcher" classname="org.apache.commons.lang3.text.StrBuilderTest" time="0"/>
  <testcase name="testIsEmpty" classname="org.apache.commons.lang3.text.StrBuilderTest" time="0"/>
  <testcase name="testToCharArrayIntInt" classname="org.apache.commons.lang3.text.StrBuilderTest" time="0"/>
  <testcase name="testGetSetNewLineText" classname="org.apache.commons.lang3.text.StrBuilderTest" time="0"/>
  <testcase name="testToStringBuffer" classname="org.apache.commons.lang3.text.StrBuilderTest" time="0.001"/>
  <testcase name="testReadFromReader" classname="org.apache.commons.lang3.text.StrBuilderTest" time="0"/>
  <testcase name="testAsBuilder" classname="org.apache.commons.lang3.text.StrBuilderTest" time="0"/>
  <testcase name="testIndexOf_String" classname="org.apache.commons.lang3.text.StrBuilderTest" time="0"/>
  <testcase name="testIndexOf_char_int" classname="org.apache.commons.lang3.text.StrBuilderTest" time="0"/>
  <testcase name="testGetCharsIntIntCharArrayInt" classname="org.apache.commons.lang3.text.StrBuilderTest" time="0"/>
  <testcase name="testStartsWith" classname="org.apache.commons.lang3.text.StrBuilderTest" time="0"/>
  <testcase name="testIndexOf_StrMatcher" classname="org.apache.commons.lang3.text.StrBuilderTest" time="0"/>
  <testcase name="testAppendCharBuffer" classname="org.apache.commons.lang3.text.StrBuilderTest" time="0"/>
  <testcase name="testLastIndexOf_StrMatcher_int" classname="org.apache.commons.lang3.text.StrBuilderTest" time="0"/>
  <testcase name="testChaining" classname="org.apache.commons.lang3.text.StrBuilderTest" time="0"/>
</testsuite>