<?xml version="1.0" encoding="UTF-8"?>
<testsuite xmlns:xsi="http://www.w3.org/2001/XMLSchema-instance" xsi:noNamespaceSchemaLocation="https://maven.apache.org/surefire/maven-surefire-plugin/xsd/surefire-test-report.xsd" name="okhttp3.logging.HttpLoggingInterceptorTest" time="10.141" tests="26" errors="1" skipped="0" failures="0">
  <properties>
[...]
</properties>
  <testcase name="bodyResponseBodyChunked" classname="okhttp3.logging.HttpLoggingInterceptorTest" time="0.028"/>
  <testcase name="basicGet" classname="okhttp3.logging.HttpLoggingInterceptorTest" time="0.002"/>
  <testcase name="basicPost" classname="okhttp3.logging.HttpLoggingInterceptorTest" time="0.004"/>
  <testcase name="bodyResponseBody" classname="okhttp3.logging.HttpLoggingInterceptorTest" time="0.003"/>
  <testcase name="bodyResponseGzipEncoded" classname="okhttp3.logging.HttpLoggingInterceptorTest" time="0.005"/>
  <testcase name="setLevelShouldPreventNullValue" classname="okhttp3.logging.HttpLoggingInterceptorTest" time="0.003"/>
  <testcase name="isPlaintext" classname="okhttp3.logging.HttpLoggingInterceptorTest" time="0.001"/>
  <testcase name="responseBodyIsBinary" classname="okhttp3.logging.HttpLoggingInterceptorTest" time="0.001"/>
  <testcase name="bodyGetMalformedCharset" classname="okhttp3.logging.HttpLoggingInterceptorTest" time="0.009"/>
  <testcase name="headersPostNoContentType" classname="okhttp3.logging.HttpLoggingInterceptorTest" time="0.001"/>
  <testcase name="bodyGet204" classname="okhttp3.logging.HttpLoggingInterceptorTest" time="0.008"/>
  <testcase name="bodyGet205" classname="okhttp3.logging.HttpLoggingInterceptorTest" time="0.003"/>
  <testcase name="headersPostNoLength" classname="okhttp3.logging.HttpLoggingInterceptorTest" time="0.002"/>
  <testcase name="basicResponseBody" classname="okhttp3.logging.HttpLoggingInterceptorTest" time="0.001"/>
  <testcase name="none" classname="okhttp3.logging.HttpLoggingInterceptorTest" time="0.002"/>
  <testcase name="bodyGet" classname="okhttp3.logging.HttpLoggingInterceptorTest" time="0.001"/>
  <testcase name="http2" classname="okhttp3.logging.HttpLoggingInterceptorTest" time="10.031">
    <error message="Read timed out" type="java.net.SocketTimeoutException">java.net.SocketTimeoutException: Read timed out
	at okhttp3.logging.HttpLoggingInterceptorTest.http2(HttpLoggingInterceptorTest.java:732)
</error>
    <system-err><![CDATA[Feb 08, 2019 12:32:35 PM okhttp3.mockwebserver.MockWebServer$2 execute
INFO: MockWebServer[43869] starting to accept connections
Uncaught exception in OkHttp thread "MockWebServer"
java.lang.NoSuchFieldError: state
	at sun.security.ssl.ServerHandshaker.processMessage(ServerHandshaker.java:203)
	at sun.security.ssl.Handshaker.processLoop(Handshaker.java:1037)
	at sun.security.ssl.Handshaker.process_record(Handshaker.java:965)
	at sun.security.ssl.SSLSocketImpl.readRecord(SSLSocketImpl.java:1064)
	at sun.security.ssl.SSLSocketImpl.performInitialHandshake(SSLSocketImpl.java:1367)
	at sun.security.ssl.SSLSocketImpl.startHandshake(SSLSocketImpl.java:1395)
	at sun.security.ssl.SSLSocketImpl.startHandshake(SSLSocketImpl.java:1379)
	at okhttp3.mockwebserver.MockWebServer$3.processConnection(MockWebServer.java:441)
	at okhttp3.mockwebserver.MockWebServer$3.execute(MockWebServer.java:408)
	at okhttp3.internal.NamedRunnable.run(NamedRunnable.java:32)
	at java.util.concurrent.ThreadPoolExecutor.runWorker(ThreadPoolExecutor.java:1149)
	at java.util.concurrent.ThreadPoolExecutor$Worker.run(ThreadPoolExecutor.java:624)
	at java.lang.Thread.run(Thread.java:748)

Last test to start was: http2(okhttp3.logging.HttpLoggingInterceptorTest)
Feb 08, 2019 12:32:45 PM okhttp3.mockwebserver.MockWebServer$2 acceptConnections
INFO: MockWebServer[43869] done accepting connections: Socket closed
]]></system-err>
  </testcase>
  <testcase name="headersPost" classname="okhttp3.logging.HttpLoggingInterceptorTest" time="0.002"/>
  <testcase name="headersResponseBody" classname="okhttp3.logging.HttpLoggingInterceptorTest" time="0.002"/>
  <testcase name="levelGetter" classname="okhttp3.logging.HttpLoggingInterceptorTest" time="0.001"/>
  <testcase name="setLevelShouldReturnSameInstanceOfInterceptor" classname="okhttp3.logging.HttpLoggingInterceptorTest" time="0.001"/>
  <testcase name="bodyPost" classname="okhttp3.logging.HttpLoggingInterceptorTest" time="0.006"/>
  <testcase name="connectFail" classname="okhttp3.logging.HttpLoggingInterceptorTest" time="0.005"/>
  <testcase name="basicChunkedResponseBody" classname="okhttp3.logging.HttpLoggingInterceptorTest" time="0.004"/>
  <testcase name="headersGet" classname="okhttp3.logging.HttpLoggingInterceptorTest" time="0.004"/>
  <testcase name="bodyResponseUnknownEncoded" classname="okhttp3.logging.HttpLoggingInterceptorTest" time="0.002"/>
</testsuite>