<?xml version="1.0" encoding="UTF-8"?>
<testsuite xmlns:xsi="http://www.w3.org/2001/XMLSchema-instance" xsi:noNamespaceSchemaLocation="https://maven.apache.org/surefire/maven-surefire-plugin/xsd/surefire-test-report.xsd" name="okhttp3.mockwebserver.HeldCertificateTest" time="0.323" tests="7" errors="0" skipped="0" failures="0">
  <properties>
[...]
</properties>
  <testcase name="subjectAlternativeNames" classname="okhttp3.mockwebserver.HeldCertificateTest" time="0.162"/>
  <testcase name="defaultCertificate" classname="okhttp3.mockwebserver.HeldCertificateTest" time="0.053"/>
  <testcase name="organizationalUnit" classname="okhttp3.mockwebserver.HeldCertificateTest" time="0.017"/>
  <testcase name="customDuration" classname="okhttp3.mockwebserver.HeldCertificateTest" time="0.028"/>
  <testcase name="pems" classname="okhttp3.mockwebserver.HeldCertificateTest" time="0.002"/>
  <testcase name="commonName" classname="okhttp3.mockwebserver.HeldCertificateTest" time="0.028"/>
  <testcase name="customInterval" classname="okhttp3.mockwebserver.HeldCertificateTest" time="0.032"/>
</testsuite>